16-05-07 11:22:09  kick off build with buildscript version 0.1.0-160507-100250-e5a0782-18
:clean
:compileJava UP-TO-DATE
:compileGroovy
:processResources
:classes
:findMainClass
:jar
:bootRepackage
:assemble
:compileTestJava UP-TO-DATE
:compileTestGroovy
:processTestResources UP-TO-DATE
:testClasses
:test

com.github.mrduguo.gradle.sampleapp.AbstractSpec STANDARD_OUT
    11:22:19.097 [Test worker] DEBUG o.s.t.annotation.ProfileValueUtils - Retrieved @ProfileValueSourceConfiguration [null] for test class [com.github.mrduguo.gradle.sampleapp.AbstractSpec]
    11:22:19.102 [Test worker] DEBUG o.s.t.annotation.ProfileValueUtils - Retrieved ProfileValueSource type [class org.springframework.test.annotation.SystemProfileValueSource] for class [com.github.mrduguo.gradle.sampleapp.AbstractSpec]
    11:22:19.110 [Test worker] DEBUG o.s.test.context.BootstrapUtils - Instantiating CacheAwareContextLoaderDelegate from class [org.springframework.test.context.cache.DefaultCacheAwareContextLoaderDelegate]
    11:22:19.119 [Test worker] DEBUG o.s.test.context.BootstrapUtils - Instantiating BootstrapContext using constructor [public org.springframework.test.context.support.DefaultBootstrapContext(java.lang.Class,org.springframework.test.context.CacheAwareContextLoaderDelegate)]
    11:22:19.124 [Test worker] DEBUG o.s.test.context.BootstrapUtils - Instantiating TestContextBootstrapper for test class [com.github.mrduguo.gradle.sampleapp.AbstractSpec] from class [org.springframework.boot.test.WebAppIntegrationTestContextBootstrapper]
    11:22:19.142 [Test worker] DEBUG o.s.b.t.WebAppIntegrationTestContextBootstrapper - Found explicit ContextLoader class [org.springframework.boot.test.SpringApplicationContextLoader] for context configuration attributes [ContextConfigurationAttributes@147b831f declaringClass = 'com.github.mrduguo.gradle.sampleapp.AbstractSpec', classes = '{class com.github.mrduguo.gradle.sampleapp.Application}', locations = '{}', inheritLocations = true, initializers = '{}', inheritInitializers = true, name = [null], contextLoaderClass = 'org.springframework.boot.test.SpringApplicationContextLoader']
    11:22:19.149 [Test worker] DEBUG o.s.t.c.s.AbstractContextLoader - Did not detect default resource location for test class [com.github.mrduguo.gradle.sampleapp.AbstractSpec]: class path resource [com/github/mrduguo/gradle/sampleapp/AbstractSpec-context.xml] does not exist
    11:22:19.149 [Test worker] DEBUG o.s.t.c.s.AbstractContextLoader - Did not detect default resource location for test class [com.github.mrduguo.gradle.sampleapp.AbstractSpec]: class path resource [com/github/mrduguo/gradle/sampleapp/AbstractSpecContext.groovy] does not exist
    11:22:19.149 [Test worker] INFO  o.s.t.c.s.AbstractContextLoader - Could not detect default resource locations for test class [com.github.mrduguo.gradle.sampleapp.AbstractSpec]: no resource found for suffixes {-context.xml, Context.groovy}.
    11:22:19.156 [Test worker] DEBUG o.s.t.c.support.ActiveProfilesUtils - Could not find an 'annotation declaring class' for annotation type [org.springframework.test.context.ActiveProfiles] and class [com.github.mrduguo.gradle.sampleapp.AbstractSpec]
    11:22:19.167 [Test worker] DEBUG o.s.test.util.ReflectionTestUtils - Setting field 'propertySourceProperties' of type [null] on target object [[WebMergedContextConfiguration@68bd122e testClass = AbstractSpec, locations = '{}', classes = '{class com.github.mrduguo.gradle.sampleapp.Application}', contextInitializerClasses = '[]', activeProfiles = '{}', propertySourceLocations = '{}', propertySourceProperties = '{}', resourceBasePath = '', contextLoader = 'org.springframework.boot.test.SpringApplicationContextLoader', parent = [null]]] or target class [class org.springframework.test.context.web.WebMergedContextConfiguration] to value [[Ljava.lang.String;@14f825e7]
    11:22:19.168 [Test worker] DEBUG o.s.b.t.WebAppIntegrationTestContextBootstrapper - @TestExecutionListeners is not present for class [com.github.mrduguo.gradle.sampleapp.AbstractSpec]: using defaults.
    11:22:19.184 [Test worker] INFO  o.s.b.t.WebAppIntegrationTestContextBootstrapper - Loaded default TestExecutionListener class names from location [META-INF/spring.factories]: [org.springframework.test.context.web.ServletTestExecutionListener, org.springframework.test.context.support.DirtiesContextBeforeModesTestExecutionListener, org.springframework.test.context.support.DependencyInjectionTestExecutionListener, org.springframework.test.context.support.DirtiesContextTestExecutionListener, org.springframework.test.context.transaction.TransactionalTestExecutionListener, org.springframework.test.context.jdbc.SqlScriptsTestExecutionListener]
    11:22:19.190 [Test worker] INFO  o.s.b.t.WebAppIntegrationTestContextBootstrapper - Could not instantiate TestExecutionListener [org.springframework.test.context.transaction.TransactionalTestExecutionListener]. Specify custom listener classes or make the default listener classes (and their required dependencies) available. Offending class: [org/springframework/transaction/interceptor/TransactionAttributeSource]
    11:22:19.200 [Test worker] INFO  o.s.b.t.WebAppIntegrationTestContextBootstrapper - Could not instantiate TestExecutionListener [org.springframework.test.context.jdbc.SqlScriptsTestExecutionListener]. Specify custom listener classes or make the default listener classes (and their required dependencies) available. Offending class: [org/springframework/transaction/interceptor/TransactionAttribute]
    11:22:19.205 [Test worker] INFO  o.s.b.t.WebAppIntegrationTestContextBootstrapper - Using TestExecutionListeners: [org.springframework.test.context.web.ServletTestExecutionListener@3b947772, org.springframework.test.context.support.DirtiesContextBeforeModesTestExecutionListener@28d1b2a5, org.springframework.test.context.support.DependencyInjectionTestExecutionListener@7d724197, org.springframework.test.context.support.DirtiesContextTestExecutionListener@41ee2c7e]
    11:22:19.557 [Test worker] DEBUG o.s.t.c.s.AbstractDirtiesContextTestExecutionListener - Before test class: context [DefaultTestContext@1f51827e testClass = AbstractSpec, testInstance = [null], testMethod = [null], testException = [null], mergedContextConfiguration = [WebMergedContextConfiguration@68bd122e testClass = AbstractSpec, locations = '{}', classes = '{class com.github.mrduguo.gradle.sampleapp.Application}', contextInitializerClasses = '[]', activeProfiles = '{}', propertySourceLocations = '{}', propertySourceProperties = '{server.port=0, org.springframework.boot.test.IntegrationTest=true}', resourceBasePath = '', contextLoader = 'org.springframework.boot.test.SpringApplicationContextLoader', parent = [null]]], class annotated with @DirtiesContext [false] with mode [null].
    11:22:19.558 [Test worker] DEBUG o.s.t.c.s.AbstractDirtiesContextTestExecutionListener - After test class: context [DefaultTestContext@1f51827e testClass = AbstractSpec, testInstance = [null], testMethod = [null], testException = [null], mergedContextConfiguration = [WebMergedContextConfiguration@68bd122e testClass = AbstractSpec, locations = '{}', classes = '{class com.github.mrduguo.gradle.sampleapp.Application}', contextInitializerClasses = '[]', activeProfiles = '{}', propertySourceLocations = '{}', propertySourceProperties = '{server.port=0, org.springframework.boot.test.IntegrationTest=true}', resourceBasePath = '', contextLoader = 'org.springframework.boot.test.SpringApplicationContextLoader', parent = [null]]], class annotated with @DirtiesContext [false] with mode [null].

com.github.mrduguo.gradle.sampleapp.BeanSpec STANDARD_OUT
    11:22:19.572 [Test worker] DEBUG o.s.t.annotation.ProfileValueUtils - Retrieved @ProfileValueSourceConfiguration [null] for test class [com.github.mrduguo.gradle.sampleapp.BeanSpec]
    11:22:19.572 [Test worker] DEBUG o.s.t.annotation.ProfileValueUtils - Retrieved ProfileValueSource type [class org.springframework.test.annotation.SystemProfileValueSource] for class [com.github.mrduguo.gradle.sampleapp.BeanSpec]
    11:22:19.572 [Test worker] DEBUG o.s.t.annotation.ProfileValueUtils - Retrieved @ProfileValueSourceConfiguration [null] for test class [com.github.mrduguo.gradle.sampleapp.BeanSpec]
    11:22:19.572 [Test worker] DEBUG o.s.t.annotation.ProfileValueUtils - Retrieved ProfileValueSource type [class org.springframework.test.annotation.SystemProfileValueSource] for class [com.github.mrduguo.gradle.sampleapp.BeanSpec]
    11:22:19.574 [Test worker] DEBUG o.s.test.context.BootstrapUtils - Instantiating CacheAwareContextLoaderDelegate from class [org.springframework.test.context.cache.DefaultCacheAwareContextLoaderDelegate]
    11:22:19.575 [Test worker] DEBUG o.s.test.context.BootstrapUtils - Instantiating BootstrapContext using constructor [public org.springframework.test.context.support.DefaultBootstrapContext(java.lang.Class,org.springframework.test.context.CacheAwareContextLoaderDelegate)]
    11:22:19.576 [Test worker] DEBUG o.s.test.context.BootstrapUtils - Instantiating TestContextBootstrapper for test class [com.github.mrduguo.gradle.sampleapp.BeanSpec] from class [org.springframework.boot.test.WebAppIntegrationTestContextBootstrapper]
    11:22:19.578 [Test worker] DEBUG o.s.b.t.WebAppIntegrationTestContextBootstrapper - Found explicit ContextLoader class [org.springframework.boot.test.SpringApplicationContextLoader] for context configuration attributes [ContextConfigurationAttributes@ac53f2e declaringClass = 'com.github.mrduguo.gradle.sampleapp.AbstractSpec', classes = '{class com.github.mrduguo.gradle.sampleapp.Application}', locations = '{}', inheritLocations = true, initializers = '{}', inheritInitializers = true, name = [null], contextLoaderClass = 'org.springframework.boot.test.SpringApplicationContextLoader']
    11:22:19.580 [Test worker] DEBUG o.s.t.c.s.AbstractContextLoader - Did not detect default resource location for test class [com.github.mrduguo.gradle.sampleapp.AbstractSpec]: class path resource [com/github/mrduguo/gradle/sampleapp/AbstractSpec-context.xml] does not exist
    11:22:19.581 [Test worker] DEBUG o.s.t.c.s.AbstractContextLoader - Did not detect default resource location for test class [com.github.mrduguo.gradle.sampleapp.AbstractSpec]: class path resource [com/github/mrduguo/gradle/sampleapp/AbstractSpecContext.groovy] does not exist
    11:22:19.581 [Test worker] INFO  o.s.t.c.s.AbstractContextLoader - Could not detect default resource locations for test class [com.github.mrduguo.gradle.sampleapp.AbstractSpec]: no resource found for suffixes {-context.xml, Context.groovy}.
    11:22:19.582 [Test worker] DEBUG o.s.t.c.support.ActiveProfilesUtils - Could not find an 'annotation declaring class' for annotation type [org.springframework.test.context.ActiveProfiles] and class [com.github.mrduguo.gradle.sampleapp.BeanSpec]
    11:22:19.582 [Test worker] DEBUG o.s.test.util.ReflectionTestUtils - Setting field 'propertySourceProperties' of type [null] on target object [[WebMergedContextConfiguration@1b894596 testClass = BeanSpec, locations = '{}', classes = '{class com.github.mrduguo.gradle.sampleapp.Application}', contextInitializerClasses = '[]', activeProfiles = '{}', propertySourceLocations = '{}', propertySourceProperties = '{}', resourceBasePath = '', contextLoader = 'org.springframework.boot.test.SpringApplicationContextLoader', parent = [null]]] or target class [class org.springframework.test.context.web.WebMergedContextConfiguration] to value [[Ljava.lang.String;@2adceb91]
    11:22:19.583 [Test worker] DEBUG o.s.b.t.WebAppIntegrationTestContextBootstrapper - @TestExecutionListeners is not present for class [com.github.mrduguo.gradle.sampleapp.BeanSpec]: using defaults.
    11:22:19.606 [Test worker] INFO  o.s.b.t.WebAppIntegrationTestContextBootstrapper - Loaded default TestExecutionListener class names from location [META-INF/spring.factories]: [org.springframework.test.context.web.ServletTestExecutionListener, org.springframework.test.context.support.DirtiesContextBeforeModesTestExecutionListener, org.springframework.test.context.support.DependencyInjectionTestExecutionListener, org.springframework.test.context.support.DirtiesContextTestExecutionListener, org.springframework.test.context.transaction.TransactionalTestExecutionListener, org.springframework.test.context.jdbc.SqlScriptsTestExecutionListener]
    11:22:19.607 [Test worker] INFO  o.s.b.t.WebAppIntegrationTestContextBootstrapper - Could not instantiate TestExecutionListener [org.springframework.test.context.transaction.TransactionalTestExecutionListener]. Specify custom listener classes or make the default listener classes (and their required dependencies) available. Offending class: [org/springframework/transaction/interceptor/TransactionAttributeSource]
    11:22:19.608 [Test worker] INFO  o.s.b.t.WebAppIntegrationTestContextBootstrapper - Could not instantiate TestExecutionListener [org.springframework.test.context.jdbc.SqlScriptsTestExecutionListener]. Specify custom listener classes or make the default listener classes (and their required dependencies) available. Offending class: [org/springframework/transaction/interceptor/TransactionAttribute]
    11:22:19.608 [Test worker] INFO  o.s.b.t.WebAppIntegrationTestContextBootstrapper - Using TestExecutionListeners: [org.springframework.test.context.web.ServletTestExecutionListener@2fd5db8f, org.springframework.test.context.support.DirtiesContextBeforeModesTestExecutionListener@16fbcb13, org.springframework.test.context.support.DependencyInjectionTestExecutionListener@562612a2, org.springframework.test.context.support.DirtiesContextTestExecutionListener@7df1da39]
    11:22:19.621 [Test worker] DEBUG o.s.t.c.s.AbstractDirtiesContextTestExecutionListener - Before test class: context [DefaultTestContext@34928074 testClass = BeanSpec, testInstance = [null], testMethod = [null], testException = [null], mergedContextConfiguration = [WebMergedContextConfiguration@1b894596 testClass = BeanSpec, locations = '{}', classes = '{class com.github.mrduguo.gradle.sampleapp.Application}', contextInitializerClasses = '[]', activeProfiles = '{}', propertySourceLocations = '{}', propertySourceProperties = '{server.port=0, org.springframework.boot.test.IntegrationTest=true}', resourceBasePath = '', contextLoader = 'org.springframework.boot.test.SpringApplicationContextLoader', parent = [null]]], class annotated with @DirtiesContext [false] with mode [null].
Running Test should return Greetings from application(com.github.mrduguo.gradle.sampleapp.BeanSpec)

com.github.mrduguo.gradle.sampleapp.BeanSpec > should return Greetings from application STANDARD_OUT
    11:22:19.637 [Test worker] DEBUG o.s.t.c.s.DependencyInjectionTestExecutionListener - Performing dependency injection for test context [[DefaultTestContext@34928074 testClass = BeanSpec, testInstance = com.github.mrduguo.gradle.sampleapp.BeanSpec@48f476ed, testMethod = [null], testException = [null], mergedContextConfiguration = [WebMergedContextConfiguration@1b894596 testClass = BeanSpec, locations = '{}', classes = '{class com.github.mrduguo.gradle.sampleapp.Application}', contextInitializerClasses = '[]', activeProfiles = '{}', propertySourceLocations = '{}', propertySourceProperties = '{server.port=0, org.springframework.boot.test.IntegrationTest=true}', resourceBasePath = '', contextLoader = 'org.springframework.boot.test.SpringApplicationContextLoader', parent = [null]]]].
    11:22:19.767 [Test worker] DEBUG o.s.core.env.StandardEnvironment - Adding [systemProperties] PropertySource with lowest search precedence
    11:22:19.782 [Test worker] DEBUG o.s.core.env.StandardEnvironment - Adding [systemEnvironment] PropertySource with lowest search precedence
    11:22:19.783 [Test worker] DEBUG o.s.core.env.StandardEnvironment - Initialized StandardEnvironment with PropertySources [systemProperties,systemEnvironment]
    11:22:19.785 [Test worker] DEBUG o.s.core.env.StandardEnvironment - Adding [integrationTest] PropertySource with search precedence immediately lower than [systemEnvironment]
    2016-05-07 11:22:20.279  INFO 28394 --- [    Test worker] o.s.boot.SpringApplication               : Starting application on mb2015 with PID 28394 (/Users/guo/.gradle/caches/modules-2/files-2.1/org.springframework.boot/spring-boot/1.3.1.RELEASE/7ea554d1d14e180ee080abc3e7c19e316a700188/spring-boot-1.3.1.RELEASE.jar started by guo in /Users/guo/github/mrduguo/gradle-sample-app)
    2016-05-07 11:22:20.338  INFO 28394 --- [    Test worker] o.s.boot.SpringApplication               : No active profile set, falling back to default profiles: default
    2016-05-07 11:22:20.431  INFO 28394 --- [    Test worker] s.c.a.AnnotationConfigApplicationContext : Refreshing org.springframework.context.annotation.AnnotationConfigApplicationContext@3b81ade7: startup date [Sat May 07 11:22:20 IST 2016]; root of context hierarchy
    2016-05-07 11:22:20.782  INFO 28394 --- [    Test worker] f.a.AutowiredAnnotationBeanPostProcessor : JSR-330 'javax.inject.Inject' annotation found and supported for autowiring
    2016-05-07 11:22:20.967  INFO 28394 --- [    Test worker] trationDelegate$BeanPostProcessorChecker : Bean 'encrypt.CONFIGURATION_PROPERTIES' of type [class org.springframework.cloud.bootstrap.encrypt.KeyProperties] is not eligible for getting processed by all BeanPostProcessors (for example: not eligible for auto-proxying)
    2016-05-07 11:22:20.968  INFO 28394 --- [    Test worker] trationDelegate$BeanPostProcessorChecker : Bean 'encryptionBootstrapConfiguration' of type [class org.springframework.cloud.bootstrap.encrypt.EncryptionBootstrapConfiguration$$EnhancerBySpringCGLIB$$b0e946f8] is not eligible for getting processed by all BeanPostProcessors (for example: not eligible for auto-proxying)
    2016-05-07 11:22:21.105  INFO 28394 --- [    Test worker] o.s.boot.SpringApplication               : Started application in 1.201 seconds (JVM running for 3.081)

      .   ____          _            __ _ _
     /\\ / ___'_ __ _ _(_)_ __  __ _ \ \ \ \
    ( ( )\___ | '_ | '_| | '_ \/ _` | \ \ \ \
     \\/  ___)| |_)| | | | | || (_| |  ) ) ) )
      '  |____| .__|_| |_|_| |_\__, | / / / /
     =========|_|==============|___/=/_/_/_/
     :: Spring Boot ::        (v1.3.1.RELEASE)

    2016-05-07 11:22:21.280  INFO 28394 --- [    Test worker] c.g.mrduguo.gradle.sampleapp.BeanSpec    : No active profile set, falling back to default profiles: default
    2016-05-07 11:22:21.317  INFO 28394 --- [    Test worker] ationConfigEmbeddedWebApplicationContext : Refreshing org.springframework.boot.context.embedded.AnnotationConfigEmbeddedWebApplicationContext@2448fbf0: startup date [Sat May 07 11:22:21 IST 2016]; parent: org.springframework.context.annotation.AnnotationConfigApplicationContext@3b81ade7
    2016-05-07 11:22:22.339  INFO 28394 --- [    Test worker] o.s.b.f.s.DefaultListableBeanFactory     : Overriding bean definition for bean 'beanNameViewResolver' with a different definition: replacing [Root bean: class [null]; scope=; abstract=false; lazyInit=false; autowireMode=3; dependencyCheck=0; autowireCandidate=true; primary=false; factoryBeanName=org.springframework.boot.autoconfigure.web.ErrorMvcAutoConfiguration$WhitelabelErrorViewConfiguration; factoryMethodName=beanNameViewResolver; initMethodName=null; destroyMethodName=(inferred); defined in class path resource [org/springframework/boot/autoconfigure/web/ErrorMvcAutoConfiguration$WhitelabelErrorViewConfiguration.class]] with [Root bean: class [null]; scope=; abstract=false; lazyInit=false; autowireMode=3; dependencyCheck=0; autowireCandidate=true; primary=false; factoryBeanName=org.springframework.boot.autoconfigure.web.WebMvcAutoConfiguration$WebMvcAutoConfigurationAdapter; factoryMethodName=beanNameViewResolver; initMethodName=null; destroyMethodName=(inferred); defined in class path resource [org/springframework/boot/autoconfigure/web/WebMvcAutoConfiguration$WebMvcAutoConfigurationAdapter.class]]
    2016-05-07 11:22:22.715  INFO 28394 --- [    Test worker] o.s.cloud.context.scope.GenericScope     : BeanFactory id=63493015-7215-35ed-91e8-eb09e2b6c4df
    2016-05-07 11:22:22.732  INFO 28394 --- [    Test worker] f.a.AutowiredAnnotationBeanPostProcessor : JSR-330 'javax.inject.Inject' annotation found and supported for autowiring
    2016-05-07 11:22:23.112  INFO 28394 --- [    Test worker] trationDelegate$BeanPostProcessorChecker : Bean 'org.springframework.cloud.autoconfigure.RefreshAutoConfiguration$ConfigurationPropertiesRebinderConfiguration' of type [class org.springframework.cloud.autoconfigure.RefreshAutoConfiguration$ConfigurationPropertiesRebinderConfiguration$$EnhancerBySpringCGLIB$$e12009d5] is not eligible for getting processed by all BeanPostProcessors (for example: not eligible for auto-proxying)
    2016-05-07 11:22:23.600  INFO 28394 --- [    Test worker] s.b.c.e.t.TomcatEmbeddedServletContainer : Tomcat initialized with port(s): 0 (http)
    2016-05-07 11:22:23.621  INFO 28394 --- [    Test worker] o.apache.catalina.core.StandardService   : Starting service Tomcat
    2016-05-07 11:22:23.623  INFO 28394 --- [    Test worker] org.apache.catalina.core.StandardEngine  : Starting Servlet Engine: Apache Tomcat/8.0.30
    2016-05-07 11:22:23.767  INFO 28394 --- [ost-startStop-1] o.a.c.c.C.[Tomcat].[localhost].[/]       : Initializing Spring embedded WebApplicationContext
    2016-05-07 11:22:23.767  INFO 28394 --- [ost-startStop-1] o.s.web.context.ContextLoader            : Root WebApplicationContext: initialization completed in 2450 ms
    2016-05-07 11:22:25.045  WARN 28394 --- [ost-startStop-1] c.n.c.sources.URLConfigurationSource     : No URLs will be polled as dynamic configuration sources.
    2016-05-07 11:22:25.045  INFO 28394 --- [ost-startStop-1] c.n.c.sources.URLConfigurationSource     : To enable URLs as dynamic configuration sources, define System property archaius.configurationSource.additionalUrls or make config.properties available on classpath.
    2016-05-07 11:22:25.062  INFO 28394 --- [ost-startStop-1] c.netflix.config.DynamicPropertyFactory  : DynamicPropertyFactory is initialized with configuration sources: com.netflix.config.ConcurrentCompositeConfiguration@6c83bbd6
    2016-05-07 11:22:25.334  INFO 28394 --- [ost-startStop-1] o.s.b.c.e.ServletRegistrationBean        : Mapping servlet: 'zuulServlet' to [/zuul/*]
    2016-05-07 11:22:25.337  INFO 28394 --- [ost-startStop-1] o.s.b.c.e.ServletRegistrationBean        : Mapping servlet: 'dispatcherServlet' to [/]
    2016-05-07 11:22:25.355  INFO 28394 --- [ost-startStop-1] o.s.b.c.embedded.FilterRegistrationBean  : Mapping filter: 'metricFilter' to: [/*]
    2016-05-07 11:22:25.357  INFO 28394 --- [ost-startStop-1] o.s.b.c.embedded.FilterRegistrationBean  : Mapping filter: 'characterEncodingFilter' to: [/*]
    2016-05-07 11:22:25.358  INFO 28394 --- [ost-startStop-1] o.s.b.c.embedded.FilterRegistrationBean  : Mapping filter: 'hiddenHttpMethodFilter' to: [/*]
    2016-05-07 11:22:25.359  INFO 28394 --- [ost-startStop-1] o.s.b.c.embedded.FilterRegistrationBean  : Mapping filter: 'httpPutFormContentFilter' to: [/*]
    2016-05-07 11:22:25.359  INFO 28394 --- [ost-startStop-1] o.s.b.c.embedded.FilterRegistrationBean  : Mapping filter: 'requestContextFilter' to: [/*]
    2016-05-07 11:22:25.360  INFO 28394 --- [ost-startStop-1] o.s.b.c.embedded.FilterRegistrationBean  : Mapping filter: 'webRequestLoggingFilter' to: [/*]
    2016-05-07 11:22:25.360  INFO 28394 --- [ost-startStop-1] o.s.b.c.embedded.FilterRegistrationBean  : Mapping filter: 'applicationContextIdFilter' to: [/*]
    2016-05-07 11:22:25.405  INFO 28394 --- [ost-startStop-1] o.s.c.n.zuul.ZuulFilterInitializer       : Starting filter initializer context listener
    2016-05-07 11:22:25.962  INFO 28394 --- [    Test worker] s.w.s.m.m.a.RequestMappingHandlerAdapter : Looking for @ControllerAdvice: org.springframework.boot.context.embedded.AnnotationConfigEmbeddedWebApplicationContext@2448fbf0: startup date [Sat May 07 11:22:21 IST 2016]; parent: org.springframework.context.annotation.AnnotationConfigApplicationContext@3b81ade7
    2016-05-07 11:22:26.081  INFO 28394 --- [    Test worker] s.w.s.m.m.a.RequestMappingHandlerMapping : Mapped "{[/]}" onto public java.lang.Object com.github.mrduguo.gradle.sampleapp.Application.index()
    2016-05-07 11:22:26.082  INFO 28394 --- [    Test worker] s.w.s.m.m.a.RequestMappingHandlerMapping : Mapped "{[/reverse/{stringToReverse}]}" onto public java.lang.Object com.github.mrduguo.gradle.sampleapp.Application.reverse(java.lang.String)
    2016-05-07 11:22:26.083  INFO 28394 --- [    Test worker] s.w.s.m.m.a.RequestMappingHandlerMapping : Mapped "{[/api/json]}" onto public java.lang.Object com.github.mrduguo.gradle.sampleapp.Application.json()
    2016-05-07 11:22:26.089  INFO 28394 --- [    Test worker] s.w.s.m.m.a.RequestMappingHandlerMapping : Mapped "{[/error]}" onto public org.springframework.http.ResponseEntity<java.util.Map<java.lang.String, java.lang.Object>> org.springframework.boot.autoconfigure.web.BasicErrorController.error(javax.servlet.http.HttpServletRequest)
    2016-05-07 11:22:26.090  INFO 28394 --- [    Test worker] s.w.s.m.m.a.RequestMappingHandlerMapping : Mapped "{[/error],produces=[text/html]}" onto public org.springframework.web.servlet.ModelAndView org.springframework.boot.autoconfigure.web.BasicErrorController.errorHtml(javax.servlet.http.HttpServletRequest,javax.servlet.http.HttpServletResponse)
    2016-05-07 11:22:26.170  INFO 28394 --- [    Test worker] o.s.w.s.handler.SimpleUrlHandlerMapping  : Mapped URL path [/webjars/**] onto handler of type [class org.springframework.web.servlet.resource.ResourceHttpRequestHandler]
    2016-05-07 11:22:26.170  INFO 28394 --- [    Test worker] o.s.w.s.handler.SimpleUrlHandlerMapping  : Mapped URL path [/**] onto handler of type [class org.springframework.web.servlet.resource.ResourceHttpRequestHandler]
    2016-05-07 11:22:26.252  INFO 28394 --- [    Test worker] o.s.w.s.handler.SimpleUrlHandlerMapping  : Mapped URL path [/**/favicon.ico] onto handler of type [class org.springframework.web.servlet.resource.ResourceHttpRequestHandler]
    2016-05-07 11:22:26.926  INFO 28394 --- [    Test worker] o.s.b.a.e.mvc.EndpointHandlerMapping     : Mapped "{[/v1/serviceability/metrics/{name:.*}],methods=[GET],produces=[application/json]}" onto public java.lang.Object org.springframework.boot.actuate.endpoint.mvc.MetricsMvcEndpoint.value(java.lang.String)
    2016-05-07 11:22:26.937  INFO 28394 --- [    Test worker] o.s.b.a.e.mvc.EndpointHandlerMapping     : Mapped "{[/v1/serviceability/metrics || /v1/serviceability/metrics.json],methods=[GET],produces=[application/json]}" onto public java.lang.Object org.springframework.boot.actuate.endpoint.mvc.EndpointMvcAdapter.invoke()
    2016-05-07 11:22:26.939  INFO 28394 --- [    Test worker] o.s.b.a.e.mvc.EndpointHandlerMapping     : Mapped "{[/v1/serviceability/hystrix.stream/**]}" onto public org.springframework.web.servlet.ModelAndView org.springframework.cloud.netflix.endpoint.ServletWrappingEndpoint.handle(javax.servlet.http.HttpServletRequest,javax.servlet.http.HttpServletResponse) throws java.lang.Exception
    2016-05-07 11:22:26.941  INFO 28394 --- [    Test worker] o.s.b.a.e.mvc.EndpointHandlerMapping     : Mapped "{[/v1/serviceability/beans || /v1/serviceability/beans.json],methods=[GET],produces=[application/json]}" onto public java.lang.Object org.springframework.boot.actuate.endpoint.mvc.EndpointMvcAdapter.invoke()
    2016-05-07 11:22:26.942  INFO 28394 --- [    Test worker] o.s.b.a.e.mvc.EndpointHandlerMapping     : Mapped "{[/v1/serviceability/mappings || /v1/serviceability/mappings.json],methods=[GET],produces=[application/json]}" onto public java.lang.Object org.springframework.boot.actuate.endpoint.mvc.EndpointMvcAdapter.invoke()
    2016-05-07 11:22:26.947  INFO 28394 --- [    Test worker] o.s.b.a.e.mvc.EndpointHandlerMapping     : Mapped "{[/v1/serviceability/resume || /v1/serviceability/resume.json],methods=[POST]}" onto public java.lang.Object org.springframework.cloud.endpoint.GenericPostableMvcEndpoint.invoke()
    2016-05-07 11:22:26.949  INFO 28394 --- [    Test worker] o.s.b.a.e.mvc.EndpointHandlerMapping     : Mapped "{[/v1/serviceability/info || /v1/serviceability/info.json],methods=[GET],produces=[application/json]}" onto public java.lang.Object org.springframework.boot.actuate.endpoint.mvc.EndpointMvcAdapter.invoke()
    2016-05-07 11:22:26.954  INFO 28394 --- [    Test worker] o.s.b.a.e.mvc.EndpointHandlerMapping     : Mapped "{[/v1/serviceability/health || /v1/serviceability/health.json],produces=[application/json]}" onto public java.lang.Object org.springframework.boot.actuate.endpoint.mvc.HealthMvcEndpoint.invoke(java.security.Principal)
    2016-05-07 11:22:26.956  INFO 28394 --- [    Test worker] o.s.b.a.e.mvc.EndpointHandlerMapping     : Mapped "{[/v1/serviceability/dump || /v1/serviceability/dump.json],methods=[GET],produces=[application/json]}" onto public java.lang.Object org.springframework.boot.actuate.endpoint.mvc.EndpointMvcAdapter.invoke()
    2016-05-07 11:22:26.963  INFO 28394 --- [    Test worker] o.s.b.a.e.mvc.EndpointHandlerMapping     : Mapped "{[/v1/serviceability/archaius || /v1/serviceability/archaius.json],methods=[GET],produces=[application/json]}" onto public java.lang.Object org.springframework.boot.actuate.endpoint.mvc.EndpointMvcAdapter.invoke()
    2016-05-07 11:22:26.965  INFO 28394 --- [    Test worker] o.s.b.a.e.mvc.EndpointHandlerMapping     : Mapped "{[/v1/serviceability/pause || /v1/serviceability/pause.json],methods=[POST]}" onto public java.lang.Object org.springframework.cloud.endpoint.GenericPostableMvcEndpoint.invoke()
    2016-05-07 11:22:26.974  INFO 28394 --- [    Test worker] o.s.b.a.e.mvc.EndpointHandlerMapping     : Mapped "{[/v1/serviceability/restart || /v1/serviceability/restart.json],methods=[POST]}" onto public java.lang.Object org.springframework.cloud.context.restart.RestartMvcEndpoint.invoke()
    2016-05-07 11:22:26.976  INFO 28394 --- [    Test worker] o.s.b.a.e.mvc.EndpointHandlerMapping     : Mapped "{[/v1/serviceability/env],methods=[POST]}" onto public java.lang.Object org.springframework.cloud.context.environment.EnvironmentManagerMvcEndpoint.value(java.util.Map<java.lang.String, java.lang.String>)
    2016-05-07 11:22:26.978  INFO 28394 --- [    Test worker] o.s.b.a.e.mvc.EndpointHandlerMapping     : Mapped "{[/v1/serviceability/env/reset],methods=[POST]}" onto public java.util.Map<java.lang.String, java.lang.Object> org.springframework.cloud.context.environment.EnvironmentManagerMvcEndpoint.reset()
    2016-05-07 11:22:26.980  INFO 28394 --- [    Test worker] o.s.b.a.e.mvc.EndpointHandlerMapping     : Mapped "{[/v1/serviceability/autoconfig || /v1/serviceability/autoconfig.json],methods=[GET],produces=[application/json]}" onto public java.lang.Object org.springframework.boot.actuate.endpoint.mvc.EndpointMvcAdapter.invoke()
    2016-05-07 11:22:26.982  INFO 28394 --- [    Test worker] o.s.b.a.e.mvc.EndpointHandlerMapping     : Mapped "{[/v1/serviceability/env/{name:.*}],methods=[GET],produces=[application/json]}" onto public java.lang.Object org.springframework.boot.actuate.endpoint.mvc.EnvironmentMvcEndpoint.value(java.lang.String)
    2016-05-07 11:22:26.983  INFO 28394 --- [    Test worker] o.s.b.a.e.mvc.EndpointHandlerMapping     : Mapped "{[/v1/serviceability/env || /v1/serviceability/env.json],methods=[GET],produces=[application/json]}" onto public java.lang.Object org.springframework.boot.actuate.endpoint.mvc.EndpointMvcAdapter.invoke()
    2016-05-07 11:22:26.985  INFO 28394 --- [    Test worker] o.s.b.a.e.mvc.EndpointHandlerMapping     : Mapped "{[/v1/serviceability/refresh || /v1/serviceability/refresh.json],methods=[POST]}" onto public java.lang.Object org.springframework.cloud.endpoint.GenericPostableMvcEndpoint.invoke()
    2016-05-07 11:22:26.990  INFO 28394 --- [    Test worker] o.s.b.a.e.mvc.EndpointHandlerMapping     : Mapped "{[/v1/serviceability/configprops || /v1/serviceability/configprops.json],methods=[GET],produces=[application/json]}" onto public java.lang.Object org.springframework.boot.actuate.endpoint.mvc.EndpointMvcAdapter.invoke()
    2016-05-07 11:22:26.992  INFO 28394 --- [    Test worker] o.s.b.a.e.mvc.EndpointHandlerMapping     : Mapped "{[/v1/serviceability/routes || /v1/serviceability/routes.json],methods=[POST]}" onto public java.util.Map<java.lang.String, java.lang.String> org.springframework.cloud.netflix.zuul.RoutesEndpoint.reset()
    2016-05-07 11:22:26.993  INFO 28394 --- [    Test worker] o.s.b.a.e.mvc.EndpointHandlerMapping     : Mapped "{[/v1/serviceability/routes || /v1/serviceability/routes.json],methods=[GET]}" onto public java.util.Map<java.lang.String, java.lang.String> org.springframework.cloud.netflix.zuul.RoutesEndpoint.getRoutes()
    2016-05-07 11:22:27.002  INFO 28394 --- [    Test worker] o.s.b.a.e.mvc.EndpointHandlerMapping     : Mapped "{[/v1/serviceability/trace || /v1/serviceability/trace.json],methods=[GET],produces=[application/json]}" onto public java.lang.Object org.springframework.boot.actuate.endpoint.mvc.EndpointMvcAdapter.invoke()
    2016-05-07 11:22:27.633  WARN 28394 --- [    Test worker] c.n.c.sources.URLConfigurationSource     : No URLs will be polled as dynamic configuration sources.
    2016-05-07 11:22:27.633  INFO 28394 --- [    Test worker] c.n.c.sources.URLConfigurationSource     : To enable URLs as dynamic configuration sources, define System property archaius.configurationSource.additionalUrls or make config.properties available on classpath.
    2016-05-07 11:22:27.923  INFO 28394 --- [    Test worker] o.s.c.support.DefaultLifecycleProcessor  : Starting beans in phase 2147483647
    2016-05-07 11:22:27.925  INFO 28394 --- [    Test worker] c.n.h.c.m.e.HystrixMetricsPoller         : Starting HystrixMetricsPoller
    2016-05-07 11:22:27.928  INFO 28394 --- [    Test worker] ration$HystrixMetricsPollerConfiguration : Starting poller
    2016-05-07 11:22:27.949  INFO 28394 --- [    Test worker] o.s.c.n.zuul.web.ZuulHandlerMapping      : Mapped URL path [/proxy/github/**] onto handler of type [class org.springframework.cloud.netflix.zuul.web.ZuulController]
    2016-05-07 11:22:28.049  INFO 28394 --- [    Test worker] s.b.c.e.t.TomcatEmbeddedServletContainer : Tomcat started on port(s): 60820 (http)
    2016-05-07 11:22:28.056  INFO 28394 --- [    Test worker] c.g.mrduguo.gradle.sampleapp.BeanSpec    : Started BeanSpec in 8.261 seconds (JVM running for 10.031)

com.github.mrduguo.gradle.sampleapp.HealthSpec STANDARD_OUT
    2016-05-07 11:22:28.142  INFO 28394 --- [    Test worker] o.s.t.c.support.AbstractContextLoader    : Could not detect default resource locations for test class [com.github.mrduguo.gradle.sampleapp.AbstractSpec]: no resource found for suffixes {-context.xml, Context.groovy}.
    2016-05-07 11:22:28.145  INFO 28394 --- [    Test worker] WebAppIntegrationTestContextBootstrapper : Loaded default TestExecutionListener class names from location [META-INF/spring.factories]: [org.springframework.test.context.web.ServletTestExecutionListener, org.springframework.test.context.support.DirtiesContextBeforeModesTestExecutionListener, org.springframework.test.context.support.DependencyInjectionTestExecutionListener, org.springframework.test.context.support.DirtiesContextTestExecutionListener, org.springframework.test.context.transaction.TransactionalTestExecutionListener, org.springframework.test.context.jdbc.SqlScriptsTestExecutionListener]
    2016-05-07 11:22:28.146  INFO 28394 --- [    Test worker] WebAppIntegrationTestContextBootstrapper : Could not instantiate TestExecutionListener [org.springframework.test.context.transaction.TransactionalTestExecutionListener]. Specify custom listener classes or make the default listener classes (and their required dependencies) available. Offending class: [org/springframework/transaction/interceptor/TransactionAttributeSource]
    2016-05-07 11:22:28.148  INFO 28394 --- [    Test worker] WebAppIntegrationTestContextBootstrapper : Could not instantiate TestExecutionListener [org.springframework.test.context.jdbc.SqlScriptsTestExecutionListener]. Specify custom listener classes or make the default listener classes (and their required dependencies) available. Offending class: [org/springframework/transaction/interceptor/TransactionAttribute]
    2016-05-07 11:22:28.149  INFO 28394 --- [    Test worker] WebAppIntegrationTestContextBootstrapper : Using TestExecutionListeners: [org.springframework.test.context.web.ServletTestExecutionListener@33ce3408, org.springframework.test.context.support.DirtiesContextBeforeModesTestExecutionListener@76a40f6a, org.springframework.test.context.support.DependencyInjectionTestExecutionListener@13ddbf3e, org.springframework.test.context.support.DirtiesContextTestExecutionListener@2dfb2965]
Running Test web app should be health(com.github.mrduguo.gradle.sampleapp.HealthSpec)

com.github.mrduguo.gradle.sampleapp.HealthSpec > web app should be health STANDARD_OUT
    2016-05-07 11:22:28.547  INFO 28394 --- [o-auto-1-exec-1] o.a.c.c.C.[Tomcat].[localhost].[/]       : Initializing Spring FrameworkServlet 'dispatcherServlet'
    2016-05-07 11:22:28.547  INFO 28394 --- [o-auto-1-exec-1] o.s.web.servlet.DispatcherServlet        : FrameworkServlet 'dispatcherServlet': initialization started
    2016-05-07 11:22:28.579  INFO 28394 --- [o-auto-1-exec-1] o.s.web.servlet.DispatcherServlet        : FrameworkServlet 'dispatcherServlet': initialization completed in 32 ms

com.github.mrduguo.gradle.sampleapp.ProxySpec STANDARD_OUT
    2016-05-07 11:22:28.823  INFO 28394 --- [    Test worker] o.s.t.c.support.AbstractContextLoader    : Could not detect default resource locations for test class [com.github.mrduguo.gradle.sampleapp.AbstractSpec]: no resource found for suffixes {-context.xml, Context.groovy}.
    2016-05-07 11:22:28.826  INFO 28394 --- [    Test worker] WebAppIntegrationTestContextBootstrapper : Loaded default TestExecutionListener class names from location [META-INF/spring.factories]: [org.springframework.test.context.web.ServletTestExecutionListener, org.springframework.test.context.support.DirtiesContextBeforeModesTestExecutionListener, org.springframework.test.context.support.DependencyInjectionTestExecutionListener, org.springframework.test.context.support.DirtiesContextTestExecutionListener, org.springframework.test.context.transaction.TransactionalTestExecutionListener, org.springframework.test.context.jdbc.SqlScriptsTestExecutionListener]
    2016-05-07 11:22:28.827  INFO 28394 --- [    Test worker] WebAppIntegrationTestContextBootstrapper : Could not instantiate TestExecutionListener [org.springframework.test.context.transaction.TransactionalTestExecutionListener]. Specify custom listener classes or make the default listener classes (and their required dependencies) available. Offending class: [org/springframework/transaction/interceptor/TransactionAttributeSource]
    2016-05-07 11:22:28.828  INFO 28394 --- [    Test worker] WebAppIntegrationTestContextBootstrapper : Could not instantiate TestExecutionListener [org.springframework.test.context.jdbc.SqlScriptsTestExecutionListener]. Specify custom listener classes or make the default listener classes (and their required dependencies) available. Offending class: [org/springframework/transaction/interceptor/TransactionAttribute]
    2016-05-07 11:22:28.828  INFO 28394 --- [    Test worker] WebAppIntegrationTestContextBootstrapper : Using TestExecutionListeners: [org.springframework.test.context.web.ServletTestExecutionListener@1ca1cc3a, org.springframework.test.context.support.DirtiesContextBeforeModesTestExecutionListener@347963e8, org.springframework.test.context.support.DependencyInjectionTestExecutionListener@65fd49cf, org.springframework.test.context.support.DirtiesContextTestExecutionListener@12d0ecdf]
Running Test should contain rate limit from github api(com.github.mrduguo.gradle.sampleapp.ProxySpec)

com.github.mrduguo.gradle.sampleapp.ProxySpec > should contain rate limit from github api STANDARD_OUT
    2016-05-07 11:22:28.912  INFO 28394 --- [o-auto-1-exec-2] o.s.c.n.zuul.filters.ProxyRouteLocator   : Finding route for path: /proxy/github/rate_limit

com.github.mrduguo.gradle.sampleapp.RestSpec STANDARD_OUT
    2016-05-07 11:22:30.008  INFO 28394 --- [    Test worker] o.s.t.c.support.AbstractContextLoader    : Could not detect default resource locations for test class [com.github.mrduguo.gradle.sampleapp.AbstractSpec]: no resource found for suffixes {-context.xml, Context.groovy}.
    2016-05-07 11:22:30.014  INFO 28394 --- [    Test worker] WebAppIntegrationTestContextBootstrapper : Loaded default TestExecutionListener class names from location [META-INF/spring.factories]: [org.springframework.test.context.web.ServletTestExecutionListener, org.springframework.test.context.support.DirtiesContextBeforeModesTestExecutionListener, org.springframework.test.context.support.DependencyInjectionTestExecutionListener, org.springframework.test.context.support.DirtiesContextTestExecutionListener, org.springframework.test.context.transaction.TransactionalTestExecutionListener, org.springframework.test.context.jdbc.SqlScriptsTestExecutionListener]
    2016-05-07 11:22:30.016  INFO 28394 --- [    Test worker] WebAppIntegrationTestContextBootstrapper : Could not instantiate TestExecutionListener [org.springframework.test.context.transaction.TransactionalTestExecutionListener]. Specify custom listener classes or make the default listener classes (and their required dependencies) available. Offending class: [org/springframework/transaction/interceptor/TransactionAttributeSource]
    2016-05-07 11:22:30.018  INFO 28394 --- [    Test worker] WebAppIntegrationTestContextBootstrapper : Could not instantiate TestExecutionListener [org.springframework.test.context.jdbc.SqlScriptsTestExecutionListener]. Specify custom listener classes or make the default listener classes (and their required dependencies) available. Offending class: [org/springframework/transaction/interceptor/TransactionAttribute]
    2016-05-07 11:22:30.019  INFO 28394 --- [    Test worker] WebAppIntegrationTestContextBootstrapper : Using TestExecutionListeners: [org.springframework.test.context.web.ServletTestExecutionListener@64a50f4e, org.springframework.test.context.support.DirtiesContextBeforeModesTestExecutionListener@a6fa917, org.springframework.test.context.support.DependencyInjectionTestExecutionListener@60c913a6, org.springframework.test.context.support.DirtiesContextTestExecutionListener@395d6683]
Running Test should return Greetings from Spring Boot!(com.github.mrduguo.gradle.sampleapp.RestSpec)
Running Test should reverse request!(com.github.mrduguo.gradle.sampleapp.RestSpec)
Running Test should get json!(com.github.mrduguo.gradle.sampleapp.RestSpec)
2016-05-07 11:22:30.192  INFO 28394 --- [       Thread-4] s.c.a.AnnotationConfigApplicationContext : Closing org.springframework.context.annotation.AnnotationConfigApplicationContext@3b81ade7: startup date [Sat May 07 11:22:20 IST 2016]; root of context hierarchy
2016-05-07 11:22:30.197  INFO 28394 --- [       Thread-4] ationConfigEmbeddedWebApplicationContext : Closing org.springframework.boot.context.embedded.AnnotationConfigEmbeddedWebApplicationContext@2448fbf0: startup date [Sat May 07 11:22:21 IST 2016]; parent: org.springframework.context.annotation.AnnotationConfigApplicationContext@3b81ade7
2016-05-07 11:22:30.199  INFO 28394 --- [       Thread-4] o.s.c.support.DefaultLifecycleProcessor  : Stopping beans in phase 2147483647
2016-05-07 11:22:30.201  INFO 28394 --- [       Thread-4] c.n.h.c.m.e.HystrixMetricsPoller         : Stopping the HystrixMetricsPoller
2016-05-07 11:22:30.208  INFO 28394 --- [       Thread-4] o.s.c.n.servo.ServoMetricCollector       : Stopping Servo PollScheduler
2016-05-07 11:22:30.235  WARN 28394 --- [       Thread-4] c.n.c.sources.URLConfigurationSource     : No URLs will be polled as dynamic configuration sources.
2016-05-07 11:22:30.236  INFO 28394 --- [       Thread-4] c.n.c.sources.URLConfigurationSource     : To enable URLs as dynamic configuration sources, define System property archaius.configurationSource.additionalUrls or make config.properties available on classpath.
2016-05-07 11:22:30.297  INFO 28394 --- [ost-startStop-1] o.s.c.n.zuul.ZuulFilterInitializer       : Stopping filter initializer context listener
:check
:generatePomFileForMavenPublication
:publishMavenPublicationToMavenRepository
Upload s3://elasticbeanstalk-eu-west-1-349318639323/maven-repo/com/github/mrduguo/gradle/gradle-sample-app/0.1.0-160507-112202-572c579-0/gradle-sample-app-0.1.0-160507-112202-572c579-0.jar
Upload s3://elasticbeanstalk-eu-west-1-349318639323/maven-repo/com/github/mrduguo/gradle/gradle-sample-app/0.1.0-160507-112202-572c579-0/gradle-sample-app-0.1.0-160507-112202-572c579-0.jar.sha1
Upload s3://elasticbeanstalk-eu-west-1-349318639323/maven-repo/com/github/mrduguo/gradle/gradle-sample-app/0.1.0-160507-112202-572c579-0/gradle-sample-app-0.1.0-160507-112202-572c579-0.jar.md5
Upload s3://elasticbeanstalk-eu-west-1-349318639323/maven-repo/com/github/mrduguo/gradle/gradle-sample-app/0.1.0-160507-112202-572c579-0/gradle-sample-app-0.1.0-160507-112202-572c579-0.pom
Upload s3://elasticbeanstalk-eu-west-1-349318639323/maven-repo/com/github/mrduguo/gradle/gradle-sample-app/0.1.0-160507-112202-572c579-0/gradle-sample-app-0.1.0-160507-112202-572c579-0.pom.sha1
Upload s3://elasticbeanstalk-eu-west-1-349318639323/maven-repo/com/github/mrduguo/gradle/gradle-sample-app/0.1.0-160507-112202-572c579-0/gradle-sample-app-0.1.0-160507-112202-572c579-0.pom.md5
Upload s3://elasticbeanstalk-eu-west-1-349318639323/maven-repo/com/github/mrduguo/gradle/gradle-sample-app/maven-metadata.xml
Upload s3://elasticbeanstalk-eu-west-1-349318639323/maven-repo/com/github/mrduguo/gradle/gradle-sample-app/maven-metadata.xml.sha1
Upload s3://elasticbeanstalk-eu-west-1-349318639323/maven-repo/com/github/mrduguo/gradle/gradle-sample-app/maven-metadata.xml.md5
:publish
:build
:aws_eb_deploy
awsEbS3ArchivePath: https://s3-eu-west-1.amazonaws.com/elasticbeanstalk-eu-west-1-349318639323/maven-repo/com/github/mrduguo/gradle/gradle-sample-app/0.1.0-160507-112202-572c579-0/gradle-sample-app-0.1.0-160507-112202-572c579-0.jar
creating elastic beanstalk app lab versionLabel lab-gsa-0.1.0-160507-112202-572c579-0
created application version lab-gsa-0.1.0-160507-112202-572c579-0
creating elastic beanstalk env lab-gsa-vynj ...
eb environment lab-gsa-vynj status Launching, waiting for 1 minutes ...
eb environment lab-gsa-vynj status Launching, waiting for 1 minutes ...
eb environment lab-gsa-vynj status Launching, waiting for 1 minutes ...
eb environment lab-gsa-vynj status Launching, waiting for 1 minutes ...
eb environment lab-gsa-vynj status Launching, waiting for 1 minutes ...
created eb environment http://lab-gsa-vynj.eu-west-1.elasticbeanstalk.com/ 52.16.49.133 in 5 minutes
swaping envs lab-gsa-vynj to lab-gsa-gmqw ...
eb environment e-zp7xc7amhj status Updating, waiting for 1 minutes ...
swaped old env e-gxiy4nwsx9 to lab-gsa-vynj at http://lab-gsa-vynj.eu-west-1.elasticbeanstalk.com/
  with new env e-zp7xc7amhj as lab-gsa-gmqw at http://lab-gsa.eu-west-1.elasticbeanstalk.com/
waiting for 5 minutes before terminate old environment ...
terminating elastic beanstalk env lab-gsa-gmqw ...
eb environment e-gxiy4nwsx9 status Terminating, waiting for 1 minutes ...
eb environment e-gxiy4nwsx9 status Terminating, waiting for 1 minutes ...
terminated eb environment lab-gsa-gmqw in 2 minutes

BUILD SUCCESSFUL

Total time: 13 mins 53.836 secs
