Download https://dl.bintray.com/mrduguo/maven/com/github/mrduguo/gradle/gradle-buildscript/0.1.0-160507-100250-e5a0782-18/gradle-buildscript-0.1.0-160507-100250-e5a0782-18.pom
Download https://dl.bintray.com/mrduguo/maven/com/github/mrduguo/gradle/gradle-buildscript/0.1.0-160507-100250-e5a0782-18/gradle-buildscript-0.1.0-160507-100250-e5a0782-18.jar
16-05-07 11:05:53  kick off build with buildscript version 0.1.0-160507-100250-e5a0782-18
:clean
:compileJava UP-TO-DATE
:compileGroovy
:processResources
:classes
:findMainClass
:jar
:bootRepackage
:assemble
:compileTestJava UP-TO-DATE
:compileTestGroovy
:processTestResources UP-TO-DATE
:testClasses
:test

com.github.mrduguo.gradle.sampleapp.AbstractSpec STANDARD_OUT
    11:06:04.189 [Test worker] DEBUG o.s.t.annotation.ProfileValueUtils - Retrieved @ProfileValueSourceConfiguration [null] for test class [com.github.mrduguo.gradle.sampleapp.AbstractSpec]
    11:06:04.193 [Test worker] DEBUG o.s.t.annotation.ProfileValueUtils - Retrieved ProfileValueSource type [class org.springframework.test.annotation.SystemProfileValueSource] for class [com.github.mrduguo.gradle.sampleapp.AbstractSpec]
    11:06:04.202 [Test worker] DEBUG o.s.test.context.BootstrapUtils - Instantiating CacheAwareContextLoaderDelegate from class [org.springframework.test.context.cache.DefaultCacheAwareContextLoaderDelegate]
    11:06:04.211 [Test worker] DEBUG o.s.test.context.BootstrapUtils - Instantiating BootstrapContext using constructor [public org.springframework.test.context.support.DefaultBootstrapContext(java.lang.Class,org.springframework.test.context.CacheAwareContextLoaderDelegate)]
    11:06:04.215 [Test worker] DEBUG o.s.test.context.BootstrapUtils - Instantiating TestContextBootstrapper for test class [com.github.mrduguo.gradle.sampleapp.AbstractSpec] from class [org.springframework.boot.test.WebAppIntegrationTestContextBootstrapper]
    11:06:04.230 [Test worker] DEBUG o.s.b.t.WebAppIntegrationTestContextBootstrapper - Found explicit ContextLoader class [org.springframework.boot.test.SpringApplicationContextLoader] for context configuration attributes [ContextConfigurationAttributes@6a69cc5d declaringClass = 'com.github.mrduguo.gradle.sampleapp.AbstractSpec', classes = '{class com.github.mrduguo.gradle.sampleapp.Application}', locations = '{}', inheritLocations = true, initializers = '{}', inheritInitializers = true, name = [null], contextLoaderClass = 'org.springframework.boot.test.SpringApplicationContextLoader']
    11:06:04.237 [Test worker] DEBUG o.s.t.c.s.AbstractContextLoader - Did not detect default resource location for test class [com.github.mrduguo.gradle.sampleapp.AbstractSpec]: class path resource [com/github/mrduguo/gradle/sampleapp/AbstractSpec-context.xml] does not exist
    11:06:04.238 [Test worker] DEBUG o.s.t.c.s.AbstractContextLoader - Did not detect default resource location for test class [com.github.mrduguo.gradle.sampleapp.AbstractSpec]: class path resource [com/github/mrduguo/gradle/sampleapp/AbstractSpecContext.groovy] does not exist
    11:06:04.238 [Test worker] INFO  o.s.t.c.s.AbstractContextLoader - Could not detect default resource locations for test class [com.github.mrduguo.gradle.sampleapp.AbstractSpec]: no resource found for suffixes {-context.xml, Context.groovy}.
    11:06:04.247 [Test worker] DEBUG o.s.t.c.support.ActiveProfilesUtils - Could not find an 'annotation declaring class' for annotation type [org.springframework.test.context.ActiveProfiles] and class [com.github.mrduguo.gradle.sampleapp.AbstractSpec]
    11:06:04.257 [Test worker] DEBUG o.s.test.util.ReflectionTestUtils - Setting field 'propertySourceProperties' of type [null] on target object [[WebMergedContextConfiguration@61de1822 testClass = AbstractSpec, locations = '{}', classes = '{class com.github.mrduguo.gradle.sampleapp.Application}', contextInitializerClasses = '[]', activeProfiles = '{}', propertySourceLocations = '{}', propertySourceProperties = '{}', resourceBasePath = '', contextLoader = 'org.springframework.boot.test.SpringApplicationContextLoader', parent = [null]]] or target class [class org.springframework.test.context.web.WebMergedContextConfiguration] to value [[Ljava.lang.String;@6ccab9f2]
    11:06:04.257 [Test worker] DEBUG o.s.b.t.WebAppIntegrationTestContextBootstrapper - @TestExecutionListeners is not present for class [com.github.mrduguo.gradle.sampleapp.AbstractSpec]: using defaults.
    11:06:04.270 [Test worker] INFO  o.s.b.t.WebAppIntegrationTestContextBootstrapper - Loaded default TestExecutionListener class names from location [META-INF/spring.factories]: [org.springframework.test.context.web.ServletTestExecutionListener, org.springframework.test.context.support.DirtiesContextBeforeModesTestExecutionListener, org.springframework.test.context.support.DependencyInjectionTestExecutionListener, org.springframework.test.context.support.DirtiesContextTestExecutionListener, org.springframework.test.context.transaction.TransactionalTestExecutionListener, org.springframework.test.context.jdbc.SqlScriptsTestExecutionListener]
    11:06:04.276 [Test worker] INFO  o.s.b.t.WebAppIntegrationTestContextBootstrapper - Could not instantiate TestExecutionListener [org.springframework.test.context.jdbc.SqlScriptsTestExecutionListener]. Specify custom listener classes or make the default listener classes (and their required dependencies) available. Offending class: [org/springframework/transaction/interceptor/TransactionAttribute]
    11:06:04.281 [Test worker] INFO  o.s.b.t.WebAppIntegrationTestContextBootstrapper - Could not instantiate TestExecutionListener [org.springframework.test.context.transaction.TransactionalTestExecutionListener]. Specify custom listener classes or make the default listener classes (and their required dependencies) available. Offending class: [org/springframework/transaction/interceptor/TransactionAttributeSource]
    11:06:04.283 [Test worker] INFO  o.s.b.t.WebAppIntegrationTestContextBootstrapper - Using TestExecutionListeners: [org.springframework.test.context.web.ServletTestExecutionListener@2106934, org.springframework.test.context.support.DirtiesContextBeforeModesTestExecutionListener@1420c677, org.springframework.test.context.support.DependencyInjectionTestExecutionListener@790c46b1, org.springframework.test.context.support.DirtiesContextTestExecutionListener@336fa12c]
    11:06:04.567 [Test worker] DEBUG o.s.t.c.s.AbstractDirtiesContextTestExecutionListener - Before test class: context [DefaultTestContext@66a27a8b testClass = AbstractSpec, testInstance = [null], testMethod = [null], testException = [null], mergedContextConfiguration = [WebMergedContextConfiguration@61de1822 testClass = AbstractSpec, locations = '{}', classes = '{class com.github.mrduguo.gradle.sampleapp.Application}', contextInitializerClasses = '[]', activeProfiles = '{}', propertySourceLocations = '{}', propertySourceProperties = '{server.port=0, org.springframework.boot.test.IntegrationTest=true}', resourceBasePath = '', contextLoader = 'org.springframework.boot.test.SpringApplicationContextLoader', parent = [null]]], class annotated with @DirtiesContext [false] with mode [null].
    11:06:04.568 [Test worker] DEBUG o.s.t.c.s.AbstractDirtiesContextTestExecutionListener - After test class: context [DefaultTestContext@66a27a8b testClass = AbstractSpec, testInstance = [null], testMethod = [null], testException = [null], mergedContextConfiguration = [WebMergedContextConfiguration@61de1822 testClass = AbstractSpec, locations = '{}', classes = '{class com.github.mrduguo.gradle.sampleapp.Application}', contextInitializerClasses = '[]', activeProfiles = '{}', propertySourceLocations = '{}', propertySourceProperties = '{server.port=0, org.springframework.boot.test.IntegrationTest=true}', resourceBasePath = '', contextLoader = 'org.springframework.boot.test.SpringApplicationContextLoader', parent = [null]]], class annotated with @DirtiesContext [false] with mode [null].

com.github.mrduguo.gradle.sampleapp.BeanSpec STANDARD_OUT
    11:06:04.579 [Test worker] DEBUG o.s.t.annotation.ProfileValueUtils - Retrieved @ProfileValueSourceConfiguration [null] for test class [com.github.mrduguo.gradle.sampleapp.BeanSpec]
    11:06:04.579 [Test worker] DEBUG o.s.t.annotation.ProfileValueUtils - Retrieved ProfileValueSource type [class org.springframework.test.annotation.SystemProfileValueSource] for class [com.github.mrduguo.gradle.sampleapp.BeanSpec]
    11:06:04.579 [Test worker] DEBUG o.s.t.annotation.ProfileValueUtils - Retrieved @ProfileValueSourceConfiguration [null] for test class [com.github.mrduguo.gradle.sampleapp.BeanSpec]
    11:06:04.579 [Test worker] DEBUG o.s.t.annotation.ProfileValueUtils - Retrieved ProfileValueSource type [class org.springframework.test.annotation.SystemProfileValueSource] for class [com.github.mrduguo.gradle.sampleapp.BeanSpec]
    11:06:04.581 [Test worker] DEBUG o.s.test.context.BootstrapUtils - Instantiating CacheAwareContextLoaderDelegate from class [org.springframework.test.context.cache.DefaultCacheAwareContextLoaderDelegate]
    11:06:04.582 [Test worker] DEBUG o.s.test.context.BootstrapUtils - Instantiating BootstrapContext using constructor [public org.springframework.test.context.support.DefaultBootstrapContext(java.lang.Class,org.springframework.test.context.CacheAwareContextLoaderDelegate)]
    11:06:04.583 [Test worker] DEBUG o.s.test.context.BootstrapUtils - Instantiating TestContextBootstrapper for test class [com.github.mrduguo.gradle.sampleapp.BeanSpec] from class [org.springframework.boot.test.WebAppIntegrationTestContextBootstrapper]
    11:06:04.585 [Test worker] DEBUG o.s.b.t.WebAppIntegrationTestContextBootstrapper - Found explicit ContextLoader class [org.springframework.boot.test.SpringApplicationContextLoader] for context configuration attributes [ContextConfigurationAttributes@7c8feb3d declaringClass = 'com.github.mrduguo.gradle.sampleapp.AbstractSpec', classes = '{class com.github.mrduguo.gradle.sampleapp.Application}', locations = '{}', inheritLocations = true, initializers = '{}', inheritInitializers = true, name = [null], contextLoaderClass = 'org.springframework.boot.test.SpringApplicationContextLoader']
    11:06:04.586 [Test worker] DEBUG o.s.t.c.s.AbstractContextLoader - Did not detect default resource location for test class [com.github.mrduguo.gradle.sampleapp.AbstractSpec]: class path resource [com/github/mrduguo/gradle/sampleapp/AbstractSpec-context.xml] does not exist
    11:06:04.586 [Test worker] DEBUG o.s.t.c.s.AbstractContextLoader - Did not detect default resource location for test class [com.github.mrduguo.gradle.sampleapp.AbstractSpec]: class path resource [com/github/mrduguo/gradle/sampleapp/AbstractSpecContext.groovy] does not exist
    11:06:04.586 [Test worker] INFO  o.s.t.c.s.AbstractContextLoader - Could not detect default resource locations for test class [com.github.mrduguo.gradle.sampleapp.AbstractSpec]: no resource found for suffixes {-context.xml, Context.groovy}.
    11:06:04.587 [Test worker] DEBUG o.s.t.c.support.ActiveProfilesUtils - Could not find an 'annotation declaring class' for annotation type [org.springframework.test.context.ActiveProfiles] and class [com.github.mrduguo.gradle.sampleapp.BeanSpec]
    11:06:04.587 [Test worker] DEBUG o.s.test.util.ReflectionTestUtils - Setting field 'propertySourceProperties' of type [null] on target object [[WebMergedContextConfiguration@c02e0c8 testClass = BeanSpec, locations = '{}', classes = '{class com.github.mrduguo.gradle.sampleapp.Application}', contextInitializerClasses = '[]', activeProfiles = '{}', propertySourceLocations = '{}', propertySourceProperties = '{}', resourceBasePath = '', contextLoader = 'org.springframework.boot.test.SpringApplicationContextLoader', parent = [null]]] or target class [class org.springframework.test.context.web.WebMergedContextConfiguration] to value [[Ljava.lang.String;@4e297e48]
    11:06:04.588 [Test worker] DEBUG o.s.b.t.WebAppIntegrationTestContextBootstrapper - @TestExecutionListeners is not present for class [com.github.mrduguo.gradle.sampleapp.BeanSpec]: using defaults.
    11:06:04.600 [Test worker] INFO  o.s.b.t.WebAppIntegrationTestContextBootstrapper - Loaded default TestExecutionListener class names from location [META-INF/spring.factories]: [org.springframework.test.context.web.ServletTestExecutionListener, org.springframework.test.context.support.DirtiesContextBeforeModesTestExecutionListener, org.springframework.test.context.support.DependencyInjectionTestExecutionListener, org.springframework.test.context.support.DirtiesContextTestExecutionListener, org.springframework.test.context.transaction.TransactionalTestExecutionListener, org.springframework.test.context.jdbc.SqlScriptsTestExecutionListener]
    11:06:04.601 [Test worker] INFO  o.s.b.t.WebAppIntegrationTestContextBootstrapper - Could not instantiate TestExecutionListener [org.springframework.test.context.jdbc.SqlScriptsTestExecutionListener]. Specify custom listener classes or make the default listener classes (and their required dependencies) available. Offending class: [org/springframework/transaction/interceptor/TransactionAttribute]
    11:06:04.601 [Test worker] INFO  o.s.b.t.WebAppIntegrationTestContextBootstrapper - Could not instantiate TestExecutionListener [org.springframework.test.context.transaction.TransactionalTestExecutionListener]. Specify custom listener classes or make the default listener classes (and their required dependencies) available. Offending class: [org/springframework/transaction/interceptor/TransactionAttributeSource]
    11:06:04.602 [Test worker] INFO  o.s.b.t.WebAppIntegrationTestContextBootstrapper - Using TestExecutionListeners: [org.springframework.test.context.web.ServletTestExecutionListener@6aae73b4, org.springframework.test.context.support.DirtiesContextBeforeModesTestExecutionListener@2a47d9b3, org.springframework.test.context.support.DependencyInjectionTestExecutionListener@30a6671, org.springframework.test.context.support.DirtiesContextTestExecutionListener@62472ec8]
    11:06:04.613 [Test worker] DEBUG o.s.t.c.s.AbstractDirtiesContextTestExecutionListener - Before test class: context [DefaultTestContext@6ff30678 testClass = BeanSpec, testInstance = [null], testMethod = [null], testException = [null], mergedContextConfiguration = [WebMergedContextConfiguration@c02e0c8 testClass = BeanSpec, locations = '{}', classes = '{class com.github.mrduguo.gradle.sampleapp.Application}', contextInitializerClasses = '[]', activeProfiles = '{}', propertySourceLocations = '{}', propertySourceProperties = '{server.port=0, org.springframework.boot.test.IntegrationTest=true}', resourceBasePath = '', contextLoader = 'org.springframework.boot.test.SpringApplicationContextLoader', parent = [null]]], class annotated with @DirtiesContext [false] with mode [null].
Running Test should return Greetings from application(com.github.mrduguo.gradle.sampleapp.BeanSpec)

com.github.mrduguo.gradle.sampleapp.BeanSpec > should return Greetings from application STANDARD_OUT
    11:06:04.618 [Test worker] DEBUG o.s.t.c.s.DependencyInjectionTestExecutionListener - Performing dependency injection for test context [[DefaultTestContext@6ff30678 testClass = BeanSpec, testInstance = com.github.mrduguo.gradle.sampleapp.BeanSpec@41a3a21f, testMethod = [null], testException = [null], mergedContextConfiguration = [WebMergedContextConfiguration@c02e0c8 testClass = BeanSpec, locations = '{}', classes = '{class com.github.mrduguo.gradle.sampleapp.Application}', contextInitializerClasses = '[]', activeProfiles = '{}', propertySourceLocations = '{}', propertySourceProperties = '{server.port=0, org.springframework.boot.test.IntegrationTest=true}', resourceBasePath = '', contextLoader = 'org.springframework.boot.test.SpringApplicationContextLoader', parent = [null]]]].
    11:06:04.709 [Test worker] DEBUG o.s.core.env.StandardEnvironment - Adding [systemProperties] PropertySource with lowest search precedence
    11:06:04.710 [Test worker] DEBUG o.s.core.env.StandardEnvironment - Adding [systemEnvironment] PropertySource with lowest search precedence
    11:06:04.710 [Test worker] DEBUG o.s.core.env.StandardEnvironment - Initialized StandardEnvironment with PropertySources [systemProperties,systemEnvironment]
    11:06:04.712 [Test worker] DEBUG o.s.core.env.StandardEnvironment - Adding [integrationTest] PropertySource with search precedence immediately lower than [systemEnvironment]
    2016-05-07 11:06:05.140  INFO 28351 --- [    Test worker] o.s.boot.SpringApplication               : Starting application on mb2015 with PID 28351 (/Users/guo/.gradle/caches/modules-2/files-2.1/org.springframework.boot/spring-boot/1.3.1.RELEASE/7ea554d1d14e180ee080abc3e7c19e316a700188/spring-boot-1.3.1.RELEASE.jar started by guo in /Users/guo/github/mrduguo/gradle-sample-app)
    2016-05-07 11:06:05.143  INFO 28351 --- [    Test worker] o.s.boot.SpringApplication               : No active profile set, falling back to default profiles: default
    2016-05-07 11:06:05.269  INFO 28351 --- [    Test worker] s.c.a.AnnotationConfigApplicationContext : Refreshing org.springframework.context.annotation.AnnotationConfigApplicationContext@64a5540f: startup date [Sat May 07 11:06:05 IST 2016]; root of context hierarchy
    2016-05-07 11:06:05.651  INFO 28351 --- [    Test worker] f.a.AutowiredAnnotationBeanPostProcessor : JSR-330 'javax.inject.Inject' annotation found and supported for autowiring
    2016-05-07 11:06:05.835  INFO 28351 --- [    Test worker] trationDelegate$BeanPostProcessorChecker : Bean 'encrypt.CONFIGURATION_PROPERTIES' of type [class org.springframework.cloud.bootstrap.encrypt.KeyProperties] is not eligible for getting processed by all BeanPostProcessors (for example: not eligible for auto-proxying)
    2016-05-07 11:06:05.836  INFO 28351 --- [    Test worker] trationDelegate$BeanPostProcessorChecker : Bean 'encryptionBootstrapConfiguration' of type [class org.springframework.cloud.bootstrap.encrypt.EncryptionBootstrapConfiguration$$EnhancerBySpringCGLIB$$1a9bf11b] is not eligible for getting processed by all BeanPostProcessors (for example: not eligible for auto-proxying)
    2016-05-07 11:06:05.973  INFO 28351 --- [    Test worker] o.s.boot.SpringApplication               : Started application in 1.143 seconds (JVM running for 2.848)

      .   ____          _            __ _ _
     /\\ / ___'_ __ _ _(_)_ __  __ _ \ \ \ \
    ( ( )\___ | '_ | '_| | '_ \/ _` | \ \ \ \
     \\/  ___)| |_)| | | | | || (_| |  ) ) ) )
      '  |____| .__|_| |_|_| |_\__, | / / / /
     =========|_|==============|___/=/_/_/_/
     :: Spring Boot ::        (v1.3.1.RELEASE)

    2016-05-07 11:06:06.142  INFO 28351 --- [    Test worker] c.g.mrduguo.gradle.sampleapp.BeanSpec    : No active profile set, falling back to default profiles: default
    2016-05-07 11:06:06.196  INFO 28351 --- [    Test worker] ationConfigEmbeddedWebApplicationContext : Refreshing org.springframework.boot.context.embedded.AnnotationConfigEmbeddedWebApplicationContext@7af2ce1d: startup date [Sat May 07 11:06:06 IST 2016]; parent: org.springframework.context.annotation.AnnotationConfigApplicationContext@64a5540f
    2016-05-07 11:06:07.216  INFO 28351 --- [    Test worker] o.s.b.f.s.DefaultListableBeanFactory     : Overriding bean definition for bean 'beanNameViewResolver' with a different definition: replacing [Root bean: class [null]; scope=; abstract=false; lazyInit=false; autowireMode=3; dependencyCheck=0; autowireCandidate=true; primary=false; factoryBeanName=org.springframework.boot.autoconfigure.web.ErrorMvcAutoConfiguration$WhitelabelErrorViewConfiguration; factoryMethodName=beanNameViewResolver; initMethodName=null; destroyMethodName=(inferred); defined in class path resource [org/springframework/boot/autoconfigure/web/ErrorMvcAutoConfiguration$WhitelabelErrorViewConfiguration.class]] with [Root bean: class [null]; scope=; abstract=false; lazyInit=false; autowireMode=3; dependencyCheck=0; autowireCandidate=true; primary=false; factoryBeanName=org.springframework.boot.autoconfigure.web.WebMvcAutoConfiguration$WebMvcAutoConfigurationAdapter; factoryMethodName=beanNameViewResolver; initMethodName=null; destroyMethodName=(inferred); defined in class path resource [org/springframework/boot/autoconfigure/web/WebMvcAutoConfiguration$WebMvcAutoConfigurationAdapter.class]]
    2016-05-07 11:06:07.573  INFO 28351 --- [    Test worker] o.s.cloud.context.scope.GenericScope     : BeanFactory id=63493015-7215-35ed-91e8-eb09e2b6c4df
    2016-05-07 11:06:07.584  INFO 28351 --- [    Test worker] f.a.AutowiredAnnotationBeanPostProcessor : JSR-330 'javax.inject.Inject' annotation found and supported for autowiring
    2016-05-07 11:06:07.898  INFO 28351 --- [    Test worker] trationDelegate$BeanPostProcessorChecker : Bean 'org.springframework.cloud.autoconfigure.RefreshAutoConfiguration$ConfigurationPropertiesRebinderConfiguration' of type [class org.springframework.cloud.autoconfigure.RefreshAutoConfiguration$ConfigurationPropertiesRebinderConfiguration$$EnhancerBySpringCGLIB$$4ad2b3f8] is not eligible for getting processed by all BeanPostProcessors (for example: not eligible for auto-proxying)
    2016-05-07 11:06:08.403  INFO 28351 --- [    Test worker] s.b.c.e.t.TomcatEmbeddedServletContainer : Tomcat initialized with port(s): 0 (http)
    2016-05-07 11:06:08.423  INFO 28351 --- [    Test worker] o.apache.catalina.core.StandardService   : Starting service Tomcat
    2016-05-07 11:06:08.426  INFO 28351 --- [    Test worker] org.apache.catalina.core.StandardEngine  : Starting Servlet Engine: Apache Tomcat/8.0.30
    2016-05-07 11:06:08.580  INFO 28351 --- [ost-startStop-1] o.a.c.c.C.[Tomcat].[localhost].[/]       : Initializing Spring embedded WebApplicationContext
    2016-05-07 11:06:08.580  INFO 28351 --- [ost-startStop-1] o.s.web.context.ContextLoader            : Root WebApplicationContext: initialization completed in 2384 ms
    2016-05-07 11:06:09.755  WARN 28351 --- [ost-startStop-1] c.n.c.sources.URLConfigurationSource     : No URLs will be polled as dynamic configuration sources.
    2016-05-07 11:06:09.755  INFO 28351 --- [ost-startStop-1] c.n.c.sources.URLConfigurationSource     : To enable URLs as dynamic configuration sources, define System property archaius.configurationSource.additionalUrls or make config.properties available on classpath.
    2016-05-07 11:06:09.765  INFO 28351 --- [ost-startStop-1] c.netflix.config.DynamicPropertyFactory  : DynamicPropertyFactory is initialized with configuration sources: com.netflix.config.ConcurrentCompositeConfiguration@794743ff
    2016-05-07 11:06:09.991  INFO 28351 --- [ost-startStop-1] o.s.b.c.e.ServletRegistrationBean        : Mapping servlet: 'zuulServlet' to [/zuul/*]
    2016-05-07 11:06:09.993  INFO 28351 --- [ost-startStop-1] o.s.b.c.e.ServletRegistrationBean        : Mapping servlet: 'dispatcherServlet' to [/]
    2016-05-07 11:06:09.999  INFO 28351 --- [ost-startStop-1] o.s.b.c.embedded.FilterRegistrationBean  : Mapping filter: 'metricFilter' to: [/*]
    2016-05-07 11:06:09.999  INFO 28351 --- [ost-startStop-1] o.s.b.c.embedded.FilterRegistrationBean  : Mapping filter: 'characterEncodingFilter' to: [/*]
    2016-05-07 11:06:10.000  INFO 28351 --- [ost-startStop-1] o.s.b.c.embedded.FilterRegistrationBean  : Mapping filter: 'hiddenHttpMethodFilter' to: [/*]
    2016-05-07 11:06:10.000  INFO 28351 --- [ost-startStop-1] o.s.b.c.embedded.FilterRegistrationBean  : Mapping filter: 'httpPutFormContentFilter' to: [/*]
    2016-05-07 11:06:10.000  INFO 28351 --- [ost-startStop-1] o.s.b.c.embedded.FilterRegistrationBean  : Mapping filter: 'requestContextFilter' to: [/*]
    2016-05-07 11:06:10.000  INFO 28351 --- [ost-startStop-1] o.s.b.c.embedded.FilterRegistrationBean  : Mapping filter: 'webRequestLoggingFilter' to: [/*]
    2016-05-07 11:06:10.000  INFO 28351 --- [ost-startStop-1] o.s.b.c.embedded.FilterRegistrationBean  : Mapping filter: 'applicationContextIdFilter' to: [/*]
    2016-05-07 11:06:10.033  INFO 28351 --- [ost-startStop-1] o.s.c.n.zuul.ZuulFilterInitializer       : Starting filter initializer context listener
    2016-05-07 11:06:10.467  INFO 28351 --- [    Test worker] s.w.s.m.m.a.RequestMappingHandlerAdapter : Looking for @ControllerAdvice: org.springframework.boot.context.embedded.AnnotationConfigEmbeddedWebApplicationContext@7af2ce1d: startup date [Sat May 07 11:06:06 IST 2016]; parent: org.springframework.context.annotation.AnnotationConfigApplicationContext@64a5540f
    2016-05-07 11:06:10.566  INFO 28351 --- [    Test worker] s.w.s.m.m.a.RequestMappingHandlerMapping : Mapped "{[/]}" onto public java.lang.Object com.github.mrduguo.gradle.sampleapp.Application.index()
    2016-05-07 11:06:10.568  INFO 28351 --- [    Test worker] s.w.s.m.m.a.RequestMappingHandlerMapping : Mapped "{[/reverse/{stringToReverse}]}" onto public java.lang.Object com.github.mrduguo.gradle.sampleapp.Application.reverse(java.lang.String)
    2016-05-07 11:06:10.568  INFO 28351 --- [    Test worker] s.w.s.m.m.a.RequestMappingHandlerMapping : Mapped "{[/api/json]}" onto public java.lang.Object com.github.mrduguo.gradle.sampleapp.Application.json()
    2016-05-07 11:06:10.574  INFO 28351 --- [    Test worker] s.w.s.m.m.a.RequestMappingHandlerMapping : Mapped "{[/error]}" onto public org.springframework.http.ResponseEntity<java.util.Map<java.lang.String, java.lang.Object>> org.springframework.boot.autoconfigure.web.BasicErrorController.error(javax.servlet.http.HttpServletRequest)
    2016-05-07 11:06:10.575  INFO 28351 --- [    Test worker] s.w.s.m.m.a.RequestMappingHandlerMapping : Mapped "{[/error],produces=[text/html]}" onto public org.springframework.web.servlet.ModelAndView org.springframework.boot.autoconfigure.web.BasicErrorController.errorHtml(javax.servlet.http.HttpServletRequest,javax.servlet.http.HttpServletResponse)
    2016-05-07 11:06:10.647  INFO 28351 --- [    Test worker] o.s.w.s.handler.SimpleUrlHandlerMapping  : Mapped URL path [/webjars/**] onto handler of type [class org.springframework.web.servlet.resource.ResourceHttpRequestHandler]
    2016-05-07 11:06:10.648  INFO 28351 --- [    Test worker] o.s.w.s.handler.SimpleUrlHandlerMapping  : Mapped URL path [/**] onto handler of type [class org.springframework.web.servlet.resource.ResourceHttpRequestHandler]
    2016-05-07 11:06:10.735  INFO 28351 --- [    Test worker] o.s.w.s.handler.SimpleUrlHandlerMapping  : Mapped URL path [/**/favicon.ico] onto handler of type [class org.springframework.web.servlet.resource.ResourceHttpRequestHandler]
    2016-05-07 11:06:11.382  INFO 28351 --- [    Test worker] o.s.b.a.e.mvc.EndpointHandlerMapping     : Mapped "{[/v1/serviceability/configprops || /v1/serviceability/configprops.json],methods=[GET],produces=[application/json]}" onto public java.lang.Object org.springframework.boot.actuate.endpoint.mvc.EndpointMvcAdapter.invoke()
    2016-05-07 11:06:11.384  INFO 28351 --- [    Test worker] o.s.b.a.e.mvc.EndpointHandlerMapping     : Mapped "{[/v1/serviceability/env],methods=[POST]}" onto public java.lang.Object org.springframework.cloud.context.environment.EnvironmentManagerMvcEndpoint.value(java.util.Map<java.lang.String, java.lang.String>)
    2016-05-07 11:06:11.384  INFO 28351 --- [    Test worker] o.s.b.a.e.mvc.EndpointHandlerMapping     : Mapped "{[/v1/serviceability/env/reset],methods=[POST]}" onto public java.util.Map<java.lang.String, java.lang.Object> org.springframework.cloud.context.environment.EnvironmentManagerMvcEndpoint.reset()
    2016-05-07 11:06:11.386  INFO 28351 --- [    Test worker] o.s.b.a.e.mvc.EndpointHandlerMapping     : Mapped "{[/v1/serviceability/env/{name:.*}],methods=[GET],produces=[application/json]}" onto public java.lang.Object org.springframework.boot.actuate.endpoint.mvc.EnvironmentMvcEndpoint.value(java.lang.String)
    2016-05-07 11:06:11.386  INFO 28351 --- [    Test worker] o.s.b.a.e.mvc.EndpointHandlerMapping     : Mapped "{[/v1/serviceability/env || /v1/serviceability/env.json],methods=[GET],produces=[application/json]}" onto public java.lang.Object org.springframework.boot.actuate.endpoint.mvc.EndpointMvcAdapter.invoke()
    2016-05-07 11:06:11.390  INFO 28351 --- [    Test worker] o.s.b.a.e.mvc.EndpointHandlerMapping     : Mapped "{[/v1/serviceability/routes || /v1/serviceability/routes.json],methods=[POST]}" onto public java.util.Map<java.lang.String, java.lang.String> org.springframework.cloud.netflix.zuul.RoutesEndpoint.reset()
    2016-05-07 11:06:11.390  INFO 28351 --- [    Test worker] o.s.b.a.e.mvc.EndpointHandlerMapping     : Mapped "{[/v1/serviceability/routes || /v1/serviceability/routes.json],methods=[GET]}" onto public java.util.Map<java.lang.String, java.lang.String> org.springframework.cloud.netflix.zuul.RoutesEndpoint.getRoutes()
    2016-05-07 11:06:11.391  INFO 28351 --- [    Test worker] o.s.b.a.e.mvc.EndpointHandlerMapping     : Mapped "{[/v1/serviceability/trace || /v1/serviceability/trace.json],methods=[GET],produces=[application/json]}" onto public java.lang.Object org.springframework.boot.actuate.endpoint.mvc.EndpointMvcAdapter.invoke()
    2016-05-07 11:06:11.393  INFO 28351 --- [    Test worker] o.s.b.a.e.mvc.EndpointHandlerMapping     : Mapped "{[/v1/serviceability/autoconfig || /v1/serviceability/autoconfig.json],methods=[GET],produces=[application/json]}" onto public java.lang.Object org.springframework.boot.actuate.endpoint.mvc.EndpointMvcAdapter.invoke()
    2016-05-07 11:06:11.396  INFO 28351 --- [    Test worker] o.s.b.a.e.mvc.EndpointHandlerMapping     : Mapped "{[/v1/serviceability/health || /v1/serviceability/health.json],produces=[application/json]}" onto public java.lang.Object org.springframework.boot.actuate.endpoint.mvc.HealthMvcEndpoint.invoke(java.security.Principal)
    2016-05-07 11:06:11.397  INFO 28351 --- [    Test worker] o.s.b.a.e.mvc.EndpointHandlerMapping     : Mapped "{[/v1/serviceability/restart || /v1/serviceability/restart.json],methods=[POST]}" onto public java.lang.Object org.springframework.cloud.context.restart.RestartMvcEndpoint.invoke()
    2016-05-07 11:06:11.400  INFO 28351 --- [    Test worker] o.s.b.a.e.mvc.EndpointHandlerMapping     : Mapped "{[/v1/serviceability/pause || /v1/serviceability/pause.json],methods=[POST]}" onto public java.lang.Object org.springframework.cloud.endpoint.GenericPostableMvcEndpoint.invoke()
    2016-05-07 11:06:11.402  INFO 28351 --- [    Test worker] o.s.b.a.e.mvc.EndpointHandlerMapping     : Mapped "{[/v1/serviceability/beans || /v1/serviceability/beans.json],methods=[GET],produces=[application/json]}" onto public java.lang.Object org.springframework.boot.actuate.endpoint.mvc.EndpointMvcAdapter.invoke()
    2016-05-07 11:06:11.405  INFO 28351 --- [    Test worker] o.s.b.a.e.mvc.EndpointHandlerMapping     : Mapped "{[/v1/serviceability/metrics/{name:.*}],methods=[GET],produces=[application/json]}" onto public java.lang.Object org.springframework.boot.actuate.endpoint.mvc.MetricsMvcEndpoint.value(java.lang.String)
    2016-05-07 11:06:11.408  INFO 28351 --- [    Test worker] o.s.b.a.e.mvc.EndpointHandlerMapping     : Mapped "{[/v1/serviceability/metrics || /v1/serviceability/metrics.json],methods=[GET],produces=[application/json]}" onto public java.lang.Object org.springframework.boot.actuate.endpoint.mvc.EndpointMvcAdapter.invoke()
    2016-05-07 11:06:11.410  INFO 28351 --- [    Test worker] o.s.b.a.e.mvc.EndpointHandlerMapping     : Mapped "{[/v1/serviceability/info || /v1/serviceability/info.json],methods=[GET],produces=[application/json]}" onto public java.lang.Object org.springframework.boot.actuate.endpoint.mvc.EndpointMvcAdapter.invoke()
    2016-05-07 11:06:11.412  INFO 28351 --- [    Test worker] o.s.b.a.e.mvc.EndpointHandlerMapping     : Mapped "{[/v1/serviceability/mappings || /v1/serviceability/mappings.json],methods=[GET],produces=[application/json]}" onto public java.lang.Object org.springframework.boot.actuate.endpoint.mvc.EndpointMvcAdapter.invoke()
    2016-05-07 11:06:11.414  INFO 28351 --- [    Test worker] o.s.b.a.e.mvc.EndpointHandlerMapping     : Mapped "{[/v1/serviceability/resume || /v1/serviceability/resume.json],methods=[POST]}" onto public java.lang.Object org.springframework.cloud.endpoint.GenericPostableMvcEndpoint.invoke()
    2016-05-07 11:06:11.416  INFO 28351 --- [    Test worker] o.s.b.a.e.mvc.EndpointHandlerMapping     : Mapped "{[/v1/serviceability/archaius || /v1/serviceability/archaius.json],methods=[GET],produces=[application/json]}" onto public java.lang.Object org.springframework.boot.actuate.endpoint.mvc.EndpointMvcAdapter.invoke()
    2016-05-07 11:06:11.420  INFO 28351 --- [    Test worker] o.s.b.a.e.mvc.EndpointHandlerMapping     : Mapped "{[/v1/serviceability/refresh || /v1/serviceability/refresh.json],methods=[POST]}" onto public java.lang.Object org.springframework.cloud.endpoint.GenericPostableMvcEndpoint.invoke()
    2016-05-07 11:06:11.421  INFO 28351 --- [    Test worker] o.s.b.a.e.mvc.EndpointHandlerMapping     : Mapped "{[/v1/serviceability/hystrix.stream/**]}" onto public org.springframework.web.servlet.ModelAndView org.springframework.cloud.netflix.endpoint.ServletWrappingEndpoint.handle(javax.servlet.http.HttpServletRequest,javax.servlet.http.HttpServletResponse) throws java.lang.Exception
    2016-05-07 11:06:11.424  INFO 28351 --- [    Test worker] o.s.b.a.e.mvc.EndpointHandlerMapping     : Mapped "{[/v1/serviceability/dump || /v1/serviceability/dump.json],methods=[GET],produces=[application/json]}" onto public java.lang.Object org.springframework.boot.actuate.endpoint.mvc.EndpointMvcAdapter.invoke()
    2016-05-07 11:06:11.971  WARN 28351 --- [    Test worker] c.n.c.sources.URLConfigurationSource     : No URLs will be polled as dynamic configuration sources.
    2016-05-07 11:06:11.971  INFO 28351 --- [    Test worker] c.n.c.sources.URLConfigurationSource     : To enable URLs as dynamic configuration sources, define System property archaius.configurationSource.additionalUrls or make config.properties available on classpath.
    2016-05-07 11:06:12.142  INFO 28351 --- [    Test worker] o.s.c.support.DefaultLifecycleProcessor  : Starting beans in phase 2147483647
    2016-05-07 11:06:12.145  INFO 28351 --- [    Test worker] c.n.h.c.m.e.HystrixMetricsPoller         : Starting HystrixMetricsPoller
    2016-05-07 11:06:12.150  INFO 28351 --- [    Test worker] ration$HystrixMetricsPollerConfiguration : Starting poller
    2016-05-07 11:06:12.158  INFO 28351 --- [    Test worker] o.s.c.n.zuul.web.ZuulHandlerMapping      : Mapped URL path [/proxy/github/**] onto handler of type [class org.springframework.cloud.netflix.zuul.web.ZuulController]
    2016-05-07 11:06:12.247  INFO 28351 --- [    Test worker] s.b.c.e.t.TomcatEmbeddedServletContainer : Tomcat started on port(s): 60700 (http)
    2016-05-07 11:06:12.252  INFO 28351 --- [    Test worker] c.g.mrduguo.gradle.sampleapp.BeanSpec    : Started BeanSpec in 7.535 seconds (JVM running for 9.127)

com.github.mrduguo.gradle.sampleapp.HealthSpec STANDARD_OUT
    2016-05-07 11:06:12.329  INFO 28351 --- [    Test worker] o.s.t.c.support.AbstractContextLoader    : Could not detect default resource locations for test class [com.github.mrduguo.gradle.sampleapp.AbstractSpec]: no resource found for suffixes {-context.xml, Context.groovy}.
    2016-05-07 11:06:12.333  INFO 28351 --- [    Test worker] WebAppIntegrationTestContextBootstrapper : Loaded default TestExecutionListener class names from location [META-INF/spring.factories]: [org.springframework.test.context.web.ServletTestExecutionListener, org.springframework.test.context.support.DirtiesContextBeforeModesTestExecutionListener, org.springframework.test.context.support.DependencyInjectionTestExecutionListener, org.springframework.test.context.support.DirtiesContextTestExecutionListener, org.springframework.test.context.transaction.TransactionalTestExecutionListener, org.springframework.test.context.jdbc.SqlScriptsTestExecutionListener]
    2016-05-07 11:06:12.339  INFO 28351 --- [    Test worker] WebAppIntegrationTestContextBootstrapper : Could not instantiate TestExecutionListener [org.springframework.test.context.jdbc.SqlScriptsTestExecutionListener]. Specify custom listener classes or make the default listener classes (and their required dependencies) available. Offending class: [org/springframework/transaction/interceptor/TransactionAttribute]
    2016-05-07 11:06:12.340  INFO 28351 --- [    Test worker] WebAppIntegrationTestContextBootstrapper : Could not instantiate TestExecutionListener [org.springframework.test.context.transaction.TransactionalTestExecutionListener]. Specify custom listener classes or make the default listener classes (and their required dependencies) available. Offending class: [org/springframework/transaction/interceptor/TransactionAttributeSource]
    2016-05-07 11:06:12.343  INFO 28351 --- [    Test worker] WebAppIntegrationTestContextBootstrapper : Using TestExecutionListeners: [org.springframework.test.context.web.ServletTestExecutionListener@57f4c0bd, org.springframework.test.context.support.DirtiesContextBeforeModesTestExecutionListener@3d5deb43, org.springframework.test.context.support.DependencyInjectionTestExecutionListener@6dd0d559, org.springframework.test.context.support.DirtiesContextTestExecutionListener@5565c0e]
Running Test web app should be health(com.github.mrduguo.gradle.sampleapp.HealthSpec)

com.github.mrduguo.gradle.sampleapp.HealthSpec > web app should be health STANDARD_OUT
    2016-05-07 11:06:12.704  INFO 28351 --- [o-auto-1-exec-1] o.a.c.c.C.[Tomcat].[localhost].[/]       : Initializing Spring FrameworkServlet 'dispatcherServlet'
    2016-05-07 11:06:12.704  INFO 28351 --- [o-auto-1-exec-1] o.s.web.servlet.DispatcherServlet        : FrameworkServlet 'dispatcherServlet': initialization started
    2016-05-07 11:06:12.729  INFO 28351 --- [o-auto-1-exec-1] o.s.web.servlet.DispatcherServlet        : FrameworkServlet 'dispatcherServlet': initialization completed in 25 ms

com.github.mrduguo.gradle.sampleapp.ProxySpec STANDARD_OUT
    2016-05-07 11:06:12.971  INFO 28351 --- [    Test worker] o.s.t.c.support.AbstractContextLoader    : Could not detect default resource locations for test class [com.github.mrduguo.gradle.sampleapp.AbstractSpec]: no resource found for suffixes {-context.xml, Context.groovy}.
    2016-05-07 11:06:12.974  INFO 28351 --- [    Test worker] WebAppIntegrationTestContextBootstrapper : Loaded default TestExecutionListener class names from location [META-INF/spring.factories]: [org.springframework.test.context.web.ServletTestExecutionListener, org.springframework.test.context.support.DirtiesContextBeforeModesTestExecutionListener, org.springframework.test.context.support.DependencyInjectionTestExecutionListener, org.springframework.test.context.support.DirtiesContextTestExecutionListener, org.springframework.test.context.transaction.TransactionalTestExecutionListener, org.springframework.test.context.jdbc.SqlScriptsTestExecutionListener]
    2016-05-07 11:06:12.976  INFO 28351 --- [    Test worker] WebAppIntegrationTestContextBootstrapper : Could not instantiate TestExecutionListener [org.springframework.test.context.jdbc.SqlScriptsTestExecutionListener]. Specify custom listener classes or make the default listener classes (and their required dependencies) available. Offending class: [org/springframework/transaction/interceptor/TransactionAttribute]
    2016-05-07 11:06:12.976  INFO 28351 --- [    Test worker] WebAppIntegrationTestContextBootstrapper : Could not instantiate TestExecutionListener [org.springframework.test.context.transaction.TransactionalTestExecutionListener]. Specify custom listener classes or make the default listener classes (and their required dependencies) available. Offending class: [org/springframework/transaction/interceptor/TransactionAttributeSource]
    2016-05-07 11:06:12.977  INFO 28351 --- [    Test worker] WebAppIntegrationTestContextBootstrapper : Using TestExecutionListeners: [org.springframework.test.context.web.ServletTestExecutionListener@25b94ebb, org.springframework.test.context.support.DirtiesContextBeforeModesTestExecutionListener@cad634a, org.springframework.test.context.support.DependencyInjectionTestExecutionListener@682556e0, org.springframework.test.context.support.DirtiesContextTestExecutionListener@1012530f]
Running Test should contain rate limit from github api(com.github.mrduguo.gradle.sampleapp.ProxySpec)

com.github.mrduguo.gradle.sampleapp.ProxySpec > should contain rate limit from github api STANDARD_OUT
    2016-05-07 11:06:13.058  INFO 28351 --- [o-auto-1-exec-2] o.s.c.n.zuul.filters.ProxyRouteLocator   : Finding route for path: /proxy/github/rate_limit

com.github.mrduguo.gradle.sampleapp.RestSpec STANDARD_OUT
    2016-05-07 11:06:14.049  INFO 28351 --- [    Test worker] o.s.t.c.support.AbstractContextLoader    : Could not detect default resource locations for test class [com.github.mrduguo.gradle.sampleapp.AbstractSpec]: no resource found for suffixes {-context.xml, Context.groovy}.
    2016-05-07 11:06:14.053  INFO 28351 --- [    Test worker] WebAppIntegrationTestContextBootstrapper : Loaded default TestExecutionListener class names from location [META-INF/spring.factories]: [org.springframework.test.context.web.ServletTestExecutionListener, org.springframework.test.context.support.DirtiesContextBeforeModesTestExecutionListener, org.springframework.test.context.support.DependencyInjectionTestExecutionListener, org.springframework.test.context.support.DirtiesContextTestExecutionListener, org.springframework.test.context.transaction.TransactionalTestExecutionListener, org.springframework.test.context.jdbc.SqlScriptsTestExecutionListener]
    2016-05-07 11:06:14.054  INFO 28351 --- [    Test worker] WebAppIntegrationTestContextBootstrapper : Could not instantiate TestExecutionListener [org.springframework.test.context.jdbc.SqlScriptsTestExecutionListener]. Specify custom listener classes or make the default listener classes (and their required dependencies) available. Offending class: [org/springframework/transaction/interceptor/TransactionAttribute]
    2016-05-07 11:06:14.054  INFO 28351 --- [    Test worker] WebAppIntegrationTestContextBootstrapper : Could not instantiate TestExecutionListener [org.springframework.test.context.transaction.TransactionalTestExecutionListener]. Specify custom listener classes or make the default listener classes (and their required dependencies) available. Offending class: [org/springframework/transaction/interceptor/TransactionAttributeSource]
    2016-05-07 11:06:14.055  INFO 28351 --- [    Test worker] WebAppIntegrationTestContextBootstrapper : Using TestExecutionListeners: [org.springframework.test.context.web.ServletTestExecutionListener@2bdbcf3f, org.springframework.test.context.support.DirtiesContextBeforeModesTestExecutionListener@709b74f3, org.springframework.test.context.support.DependencyInjectionTestExecutionListener@36914eeb, org.springframework.test.context.support.DirtiesContextTestExecutionListener@455429ea]
Running Test should return Greetings from Spring Boot!(com.github.mrduguo.gradle.sampleapp.RestSpec)
Running Test should reverse request!(com.github.mrduguo.gradle.sampleapp.RestSpec)
Running Test should get json!(com.github.mrduguo.gradle.sampleapp.RestSpec)
2016-05-07 11:06:14.203  INFO 28351 --- [       Thread-4] s.c.a.AnnotationConfigApplicationContext : Closing org.springframework.context.annotation.AnnotationConfigApplicationContext@64a5540f: startup date [Sat May 07 11:06:05 IST 2016]; root of context hierarchy
2016-05-07 11:06:14.211  INFO 28351 --- [       Thread-4] ationConfigEmbeddedWebApplicationContext : Closing org.springframework.boot.context.embedded.AnnotationConfigEmbeddedWebApplicationContext@7af2ce1d: startup date [Sat May 07 11:06:06 IST 2016]; parent: org.springframework.context.annotation.AnnotationConfigApplicationContext@64a5540f
2016-05-07 11:06:14.215  INFO 28351 --- [       Thread-4] o.s.c.support.DefaultLifecycleProcessor  : Stopping beans in phase 2147483647
2016-05-07 11:06:14.217  INFO 28351 --- [       Thread-4] c.n.h.c.m.e.HystrixMetricsPoller         : Stopping the HystrixMetricsPoller
2016-05-07 11:06:14.225  INFO 28351 --- [       Thread-4] o.s.c.n.servo.ServoMetricCollector       : Stopping Servo PollScheduler
2016-05-07 11:06:14.249  WARN 28351 --- [       Thread-4] c.n.c.sources.URLConfigurationSource     : No URLs will be polled as dynamic configuration sources.
2016-05-07 11:06:14.249  INFO 28351 --- [       Thread-4] c.n.c.sources.URLConfigurationSource     : To enable URLs as dynamic configuration sources, define System property archaius.configurationSource.additionalUrls or make config.properties available on classpath.
2016-05-07 11:06:14.319  INFO 28351 --- [ost-startStop-1] o.s.c.n.zuul.ZuulFilterInitializer       : Stopping filter initializer context listener
:check
:generatePomFileForMavenPublication
:publishMavenPublicationToMavenRepository
Upload s3://elasticbeanstalk-eu-west-1-349318639323/maven-repo/com/github/mrduguo/gradle/gradle-sample-app/0.1.0-160507-110545-572c579-0/gradle-sample-app-0.1.0-160507-110545-572c579-0.jar
Upload s3://elasticbeanstalk-eu-west-1-349318639323/maven-repo/com/github/mrduguo/gradle/gradle-sample-app/0.1.0-160507-110545-572c579-0/gradle-sample-app-0.1.0-160507-110545-572c579-0.jar.sha1
Upload s3://elasticbeanstalk-eu-west-1-349318639323/maven-repo/com/github/mrduguo/gradle/gradle-sample-app/0.1.0-160507-110545-572c579-0/gradle-sample-app-0.1.0-160507-110545-572c579-0.jar.md5
Upload s3://elasticbeanstalk-eu-west-1-349318639323/maven-repo/com/github/mrduguo/gradle/gradle-sample-app/0.1.0-160507-110545-572c579-0/gradle-sample-app-0.1.0-160507-110545-572c579-0.pom
Upload s3://elasticbeanstalk-eu-west-1-349318639323/maven-repo/com/github/mrduguo/gradle/gradle-sample-app/0.1.0-160507-110545-572c579-0/gradle-sample-app-0.1.0-160507-110545-572c579-0.pom.sha1
Upload s3://elasticbeanstalk-eu-west-1-349318639323/maven-repo/com/github/mrduguo/gradle/gradle-sample-app/0.1.0-160507-110545-572c579-0/gradle-sample-app-0.1.0-160507-110545-572c579-0.pom.md5
Upload s3://elasticbeanstalk-eu-west-1-349318639323/maven-repo/com/github/mrduguo/gradle/gradle-sample-app/maven-metadata.xml
Upload s3://elasticbeanstalk-eu-west-1-349318639323/maven-repo/com/github/mrduguo/gradle/gradle-sample-app/maven-metadata.xml.sha1
Upload s3://elasticbeanstalk-eu-west-1-349318639323/maven-repo/com/github/mrduguo/gradle/gradle-sample-app/maven-metadata.xml.md5
:publish
:build

BUILD SUCCESSFUL

Total time: 44.91 secs
