16-05-07 11:07:51  kick off build with buildscript version 0.1.0-160507-100250-e5a0782-18
:aws_eb_deploy
latest version: 0.1.0-160507-110545-572c579-0
awsEbS3ArchivePath: https://s3-eu-west-1.amazonaws.com/elasticbeanstalk-eu-west-1-349318639323/maven-repo/com/github/mrduguo/gradle/gradle-sample-app/0.1.0-160507-110545-572c579-0/gradle-sample-app-0.1.0-160507-110545-572c579-0.jar
creating elastic beanstalk app lab versionLabel lab-gsa-0.1.0-160507-110545-572c579-0
created application version lab-gsa-0.1.0-160507-110545-572c579-0
creating elastic beanstalk env lab-gsa-gmqw ...
eb environment lab-gsa-gmqw status Launching, waiting for 1 minutes ...
eb environment lab-gsa-gmqw status Launching, waiting for 1 minutes ...
eb environment lab-gsa-gmqw status Launching, waiting for 1 minutes ...
eb environment lab-gsa-gmqw status Launching, waiting for 1 minutes ...
created eb environment http://lab-gsa-gmqw.eu-west-1.elasticbeanstalk.com/ 52.30.15.195 in 4 minutes
swaping envs lab-gsa-gmqw to lab-gsa-5k4m ...
eb environment e-gxiy4nwsx9 status Updating, waiting for 1 minutes ...
swaped old env e-gvfu5d2d5f to lab-gsa-gmqw at http://lab-gsa-gmqw.eu-west-1.elasticbeanstalk.com/
  with new env e-gxiy4nwsx9 as lab-gsa-5k4m at http://lab-gsa.eu-west-1.elasticbeanstalk.com/
waiting for 5 minutes before terminate old environment ...
terminating elastic beanstalk env lab-gsa-5k4m ...
eb environment e-gvfu5d2d5f status Terminating, waiting for 1 minutes ...
eb environment e-gvfu5d2d5f status Terminating, waiting for 1 minutes ...
terminated eb environment lab-gsa-5k4m in 2 minutes

BUILD SUCCESSFUL

Total time: 12 mins 17.985 secs
