16-05-08 07:35:41  kick off build with buildscript version 0.1.0-160507-100250-e5a0782-18
:clean
:compileJava UP-TO-DATE
:compileGroovy
:processResources
:classes
:findMainClass
:jar
:bootRepackage
:assemble
:compileTestJava UP-TO-DATE
:compileTestGroovy
:processTestResources UP-TO-DATE
:testClasses
:test

com.github.mrduguo.gradle.sampleapp.AbstractSpec STANDARD_OUT
    07:35:53.589 [Test worker] DEBUG o.s.t.annotation.ProfileValueUtils - Retrieved @ProfileValueSourceConfiguration [null] for test class [com.github.mrduguo.gradle.sampleapp.AbstractSpec]
    07:35:53.599 [Test worker] DEBUG o.s.t.annotation.ProfileValueUtils - Retrieved ProfileValueSource type [class org.springframework.test.annotation.SystemProfileValueSource] for class [com.github.mrduguo.gradle.sampleapp.AbstractSpec]
    07:35:53.608 [Test worker] DEBUG o.s.test.context.BootstrapUtils - Instantiating CacheAwareContextLoaderDelegate from class [org.springframework.test.context.cache.DefaultCacheAwareContextLoaderDelegate]
    07:35:53.628 [Test worker] DEBUG o.s.test.context.BootstrapUtils - Instantiating BootstrapContext using constructor [public org.springframework.test.context.support.DefaultBootstrapContext(java.lang.Class,org.springframework.test.context.CacheAwareContextLoaderDelegate)]
    07:35:53.635 [Test worker] DEBUG o.s.test.context.BootstrapUtils - Instantiating TestContextBootstrapper for test class [com.github.mrduguo.gradle.sampleapp.AbstractSpec] from class [org.springframework.boot.test.WebAppIntegrationTestContextBootstrapper]
    07:35:53.665 [Test worker] DEBUG o.s.b.t.WebAppIntegrationTestContextBootstrapper - Found explicit ContextLoader class [org.springframework.boot.test.SpringApplicationContextLoader] for context configuration attributes [ContextConfigurationAttributes@147b831f declaringClass = 'com.github.mrduguo.gradle.sampleapp.AbstractSpec', classes = '{class com.github.mrduguo.gradle.sampleapp.Application}', locations = '{}', inheritLocations = true, initializers = '{}', inheritInitializers = true, name = [null], contextLoaderClass = 'org.springframework.boot.test.SpringApplicationContextLoader']
    07:35:53.682 [Test worker] DEBUG o.s.t.c.s.AbstractContextLoader - Did not detect default resource location for test class [com.github.mrduguo.gradle.sampleapp.AbstractSpec]: class path resource [com/github/mrduguo/gradle/sampleapp/AbstractSpec-context.xml] does not exist
    07:35:53.684 [Test worker] DEBUG o.s.t.c.s.AbstractContextLoader - Did not detect default resource location for test class [com.github.mrduguo.gradle.sampleapp.AbstractSpec]: class path resource [com/github/mrduguo/gradle/sampleapp/AbstractSpecContext.groovy] does not exist
    07:35:53.686 [Test worker] INFO  o.s.t.c.s.AbstractContextLoader - Could not detect default resource locations for test class [com.github.mrduguo.gradle.sampleapp.AbstractSpec]: no resource found for suffixes {-context.xml, Context.groovy}.
    07:35:53.691 [Test worker] DEBUG o.s.t.c.support.ActiveProfilesUtils - Could not find an 'annotation declaring class' for annotation type [org.springframework.test.context.ActiveProfiles] and class [com.github.mrduguo.gradle.sampleapp.AbstractSpec]
    07:35:53.711 [Test worker] DEBUG o.s.test.util.ReflectionTestUtils - Setting field 'propertySourceProperties' of type [null] on target object [[WebMergedContextConfiguration@68bd122e testClass = AbstractSpec, locations = '{}', classes = '{class com.github.mrduguo.gradle.sampleapp.Application}', contextInitializerClasses = '[]', activeProfiles = '{}', propertySourceLocations = '{}', propertySourceProperties = '{}', resourceBasePath = '', contextLoader = 'org.springframework.boot.test.SpringApplicationContextLoader', parent = [null]]] or target class [class org.springframework.test.context.web.WebMergedContextConfiguration] to value [[Ljava.lang.String;@14f825e7]
    07:35:53.715 [Test worker] DEBUG o.s.b.t.WebAppIntegrationTestContextBootstrapper - @TestExecutionListeners is not present for class [com.github.mrduguo.gradle.sampleapp.AbstractSpec]: using defaults.
    07:35:53.740 [Test worker] INFO  o.s.b.t.WebAppIntegrationTestContextBootstrapper - Loaded default TestExecutionListener class names from location [META-INF/spring.factories]: [org.springframework.test.context.web.ServletTestExecutionListener, org.springframework.test.context.support.DirtiesContextBeforeModesTestExecutionListener, org.springframework.test.context.support.DependencyInjectionTestExecutionListener, org.springframework.test.context.support.DirtiesContextTestExecutionListener, org.springframework.test.context.transaction.TransactionalTestExecutionListener, org.springframework.test.context.jdbc.SqlScriptsTestExecutionListener]
    07:35:53.753 [Test worker] INFO  o.s.b.t.WebAppIntegrationTestContextBootstrapper - Could not instantiate TestExecutionListener [org.springframework.test.context.transaction.TransactionalTestExecutionListener]. Specify custom listener classes or make the default listener classes (and their required dependencies) available. Offending class: [org/springframework/transaction/interceptor/TransactionAttributeSource]
    07:35:53.764 [Test worker] INFO  o.s.b.t.WebAppIntegrationTestContextBootstrapper - Could not instantiate TestExecutionListener [org.springframework.test.context.jdbc.SqlScriptsTestExecutionListener]. Specify custom listener classes or make the default listener classes (and their required dependencies) available. Offending class: [org/springframework/transaction/interceptor/TransactionAttribute]
    07:35:53.767 [Test worker] INFO  o.s.b.t.WebAppIntegrationTestContextBootstrapper - Using TestExecutionListeners: [org.springframework.test.context.web.ServletTestExecutionListener@3b947772, org.springframework.test.context.support.DirtiesContextBeforeModesTestExecutionListener@28d1b2a5, org.springframework.test.context.support.DependencyInjectionTestExecutionListener@7d724197, org.springframework.test.context.support.DirtiesContextTestExecutionListener@41ee2c7e]
    07:35:54.318 [Test worker] DEBUG o.s.t.c.s.AbstractDirtiesContextTestExecutionListener - Before test class: context [DefaultTestContext@1f51827e testClass = AbstractSpec, testInstance = [null], testMethod = [null], testException = [null], mergedContextConfiguration = [WebMergedContextConfiguration@68bd122e testClass = AbstractSpec, locations = '{}', classes = '{class com.github.mrduguo.gradle.sampleapp.Application}', contextInitializerClasses = '[]', activeProfiles = '{}', propertySourceLocations = '{}', propertySourceProperties = '{server.port=0, org.springframework.boot.test.IntegrationTest=true}', resourceBasePath = '', contextLoader = 'org.springframework.boot.test.SpringApplicationContextLoader', parent = [null]]], class annotated with @DirtiesContext [false] with mode [null].
    07:35:54.319 [Test worker] DEBUG o.s.t.c.s.AbstractDirtiesContextTestExecutionListener - After test class: context [DefaultTestContext@1f51827e testClass = AbstractSpec, testInstance = [null], testMethod = [null], testException = [null], mergedContextConfiguration = [WebMergedContextConfiguration@68bd122e testClass = AbstractSpec, locations = '{}', classes = '{class com.github.mrduguo.gradle.sampleapp.Application}', contextInitializerClasses = '[]', activeProfiles = '{}', propertySourceLocations = '{}', propertySourceProperties = '{server.port=0, org.springframework.boot.test.IntegrationTest=true}', resourceBasePath = '', contextLoader = 'org.springframework.boot.test.SpringApplicationContextLoader', parent = [null]]], class annotated with @DirtiesContext [false] with mode [null].

com.github.mrduguo.gradle.sampleapp.BeanSpec STANDARD_OUT
    07:35:54.330 [Test worker] DEBUG o.s.t.annotation.ProfileValueUtils - Retrieved @ProfileValueSourceConfiguration [null] for test class [com.github.mrduguo.gradle.sampleapp.BeanSpec]
    07:35:54.331 [Test worker] DEBUG o.s.t.annotation.ProfileValueUtils - Retrieved ProfileValueSource type [class org.springframework.test.annotation.SystemProfileValueSource] for class [com.github.mrduguo.gradle.sampleapp.BeanSpec]
    07:35:54.332 [Test worker] DEBUG o.s.t.annotation.ProfileValueUtils - Retrieved @ProfileValueSourceConfiguration [null] for test class [com.github.mrduguo.gradle.sampleapp.BeanSpec]
    07:35:54.332 [Test worker] DEBUG o.s.t.annotation.ProfileValueUtils - Retrieved ProfileValueSource type [class org.springframework.test.annotation.SystemProfileValueSource] for class [com.github.mrduguo.gradle.sampleapp.BeanSpec]
    07:35:54.335 [Test worker] DEBUG o.s.test.context.BootstrapUtils - Instantiating CacheAwareContextLoaderDelegate from class [org.springframework.test.context.cache.DefaultCacheAwareContextLoaderDelegate]
    07:35:54.335 [Test worker] DEBUG o.s.test.context.BootstrapUtils - Instantiating BootstrapContext using constructor [public org.springframework.test.context.support.DefaultBootstrapContext(java.lang.Class,org.springframework.test.context.CacheAwareContextLoaderDelegate)]
    07:35:54.336 [Test worker] DEBUG o.s.test.context.BootstrapUtils - Instantiating TestContextBootstrapper for test class [com.github.mrduguo.gradle.sampleapp.BeanSpec] from class [org.springframework.boot.test.WebAppIntegrationTestContextBootstrapper]
    07:35:54.339 [Test worker] DEBUG o.s.b.t.WebAppIntegrationTestContextBootstrapper - Found explicit ContextLoader class [org.springframework.boot.test.SpringApplicationContextLoader] for context configuration attributes [ContextConfigurationAttributes@ac53f2e declaringClass = 'com.github.mrduguo.gradle.sampleapp.AbstractSpec', classes = '{class com.github.mrduguo.gradle.sampleapp.Application}', locations = '{}', inheritLocations = true, initializers = '{}', inheritInitializers = true, name = [null], contextLoaderClass = 'org.springframework.boot.test.SpringApplicationContextLoader']
    07:35:54.340 [Test worker] DEBUG o.s.t.c.s.AbstractContextLoader - Did not detect default resource location for test class [com.github.mrduguo.gradle.sampleapp.AbstractSpec]: class path resource [com/github/mrduguo/gradle/sampleapp/AbstractSpec-context.xml] does not exist
    07:35:54.340 [Test worker] DEBUG o.s.t.c.s.AbstractContextLoader - Did not detect default resource location for test class [com.github.mrduguo.gradle.sampleapp.AbstractSpec]: class path resource [com/github/mrduguo/gradle/sampleapp/AbstractSpecContext.groovy] does not exist
    07:35:54.341 [Test worker] INFO  o.s.t.c.s.AbstractContextLoader - Could not detect default resource locations for test class [com.github.mrduguo.gradle.sampleapp.AbstractSpec]: no resource found for suffixes {-context.xml, Context.groovy}.
    07:35:54.343 [Test worker] DEBUG o.s.t.c.support.ActiveProfilesUtils - Could not find an 'annotation declaring class' for annotation type [org.springframework.test.context.ActiveProfiles] and class [com.github.mrduguo.gradle.sampleapp.BeanSpec]
    07:35:54.344 [Test worker] DEBUG o.s.test.util.ReflectionTestUtils - Setting field 'propertySourceProperties' of type [null] on target object [[WebMergedContextConfiguration@1b894596 testClass = BeanSpec, locations = '{}', classes = '{class com.github.mrduguo.gradle.sampleapp.Application}', contextInitializerClasses = '[]', activeProfiles = '{}', propertySourceLocations = '{}', propertySourceProperties = '{}', resourceBasePath = '', contextLoader = 'org.springframework.boot.test.SpringApplicationContextLoader', parent = [null]]] or target class [class org.springframework.test.context.web.WebMergedContextConfiguration] to value [[Ljava.lang.String;@2adceb91]
    07:35:54.344 [Test worker] DEBUG o.s.b.t.WebAppIntegrationTestContextBootstrapper - @TestExecutionListeners is not present for class [com.github.mrduguo.gradle.sampleapp.BeanSpec]: using defaults.
    07:35:54.350 [Test worker] INFO  o.s.b.t.WebAppIntegrationTestContextBootstrapper - Loaded default TestExecutionListener class names from location [META-INF/spring.factories]: [org.springframework.test.context.web.ServletTestExecutionListener, org.springframework.test.context.support.DirtiesContextBeforeModesTestExecutionListener, org.springframework.test.context.support.DependencyInjectionTestExecutionListener, org.springframework.test.context.support.DirtiesContextTestExecutionListener, org.springframework.test.context.transaction.TransactionalTestExecutionListener, org.springframework.test.context.jdbc.SqlScriptsTestExecutionListener]
    07:35:54.352 [Test worker] INFO  o.s.b.t.WebAppIntegrationTestContextBootstrapper - Could not instantiate TestExecutionListener [org.springframework.test.context.transaction.TransactionalTestExecutionListener]. Specify custom listener classes or make the default listener classes (and their required dependencies) available. Offending class: [org/springframework/transaction/interceptor/TransactionAttributeSource]
    07:35:54.353 [Test worker] INFO  o.s.b.t.WebAppIntegrationTestContextBootstrapper - Could not instantiate TestExecutionListener [org.springframework.test.context.jdbc.SqlScriptsTestExecutionListener]. Specify custom listener classes or make the default listener classes (and their required dependencies) available. Offending class: [org/springframework/transaction/interceptor/TransactionAttribute]
    07:35:54.354 [Test worker] INFO  o.s.b.t.WebAppIntegrationTestContextBootstrapper - Using TestExecutionListeners: [org.springframework.test.context.web.ServletTestExecutionListener@2fd5db8f, org.springframework.test.context.support.DirtiesContextBeforeModesTestExecutionListener@16fbcb13, org.springframework.test.context.support.DependencyInjectionTestExecutionListener@562612a2, org.springframework.test.context.support.DirtiesContextTestExecutionListener@7df1da39]
    07:35:54.361 [Test worker] DEBUG o.s.t.c.s.AbstractDirtiesContextTestExecutionListener - Before test class: context [DefaultTestContext@34928074 testClass = BeanSpec, testInstance = [null], testMethod = [null], testException = [null], mergedContextConfiguration = [WebMergedContextConfiguration@1b894596 testClass = BeanSpec, locations = '{}', classes = '{class com.github.mrduguo.gradle.sampleapp.Application}', contextInitializerClasses = '[]', activeProfiles = '{}', propertySourceLocations = '{}', propertySourceProperties = '{server.port=0, org.springframework.boot.test.IntegrationTest=true}', resourceBasePath = '', contextLoader = 'org.springframework.boot.test.SpringApplicationContextLoader', parent = [null]]], class annotated with @DirtiesContext [false] with mode [null].
Running Test should return Greetings from application(com.github.mrduguo.gradle.sampleapp.BeanSpec)

com.github.mrduguo.gradle.sampleapp.BeanSpec > should return Greetings from application STANDARD_OUT
    07:35:54.369 [Test worker] DEBUG o.s.t.c.s.DependencyInjectionTestExecutionListener - Performing dependency injection for test context [[DefaultTestContext@34928074 testClass = BeanSpec, testInstance = com.github.mrduguo.gradle.sampleapp.BeanSpec@48f476ed, testMethod = [null], testException = [null], mergedContextConfiguration = [WebMergedContextConfiguration@1b894596 testClass = BeanSpec, locations = '{}', classes = '{class com.github.mrduguo.gradle.sampleapp.Application}', contextInitializerClasses = '[]', activeProfiles = '{}', propertySourceLocations = '{}', propertySourceProperties = '{server.port=0, org.springframework.boot.test.IntegrationTest=true}', resourceBasePath = '', contextLoader = 'org.springframework.boot.test.SpringApplicationContextLoader', parent = [null]]]].
    07:35:54.465 [Test worker] DEBUG o.s.core.env.StandardEnvironment - Adding [systemProperties] PropertySource with lowest search precedence
    07:35:54.467 [Test worker] DEBUG o.s.core.env.StandardEnvironment - Adding [systemEnvironment] PropertySource with lowest search precedence
    07:35:54.467 [Test worker] DEBUG o.s.core.env.StandardEnvironment - Initialized StandardEnvironment with PropertySources [systemProperties,systemEnvironment]
    07:35:54.469 [Test worker] DEBUG o.s.core.env.StandardEnvironment - Adding [integrationTest] PropertySource with search precedence immediately lower than [systemEnvironment]
    2016-05-08 07:35:55.146  INFO 28706 --- [    Test worker] o.s.boot.SpringApplication               : Starting application on mb2015 with PID 28706 (/Users/guo/.gradle/caches/modules-2/files-2.1/org.springframework.boot/spring-boot/1.3.1.RELEASE/7ea554d1d14e180ee080abc3e7c19e316a700188/spring-boot-1.3.1.RELEASE.jar started by guo in /Users/guo/github/mrduguo/gradle-sample-app)
    2016-05-08 07:35:55.148  INFO 28706 --- [    Test worker] o.s.boot.SpringApplication               : No active profile set, falling back to default profiles: default
    2016-05-08 07:35:55.241  INFO 28706 --- [    Test worker] s.c.a.AnnotationConfigApplicationContext : Refreshing org.springframework.context.annotation.AnnotationConfigApplicationContext@3b81ade7: startup date [Sun May 08 07:35:55 IST 2016]; root of context hierarchy
    2016-05-08 07:35:55.626  INFO 28706 --- [    Test worker] f.a.AutowiredAnnotationBeanPostProcessor : JSR-330 'javax.inject.Inject' annotation found and supported for autowiring
    2016-05-08 07:35:55.836  INFO 28706 --- [    Test worker] trationDelegate$BeanPostProcessorChecker : Bean 'encrypt.CONFIGURATION_PROPERTIES' of type [class org.springframework.cloud.bootstrap.encrypt.KeyProperties] is not eligible for getting processed by all BeanPostProcessors (for example: not eligible for auto-proxying)
    2016-05-08 07:35:55.837  INFO 28706 --- [    Test worker] trationDelegate$BeanPostProcessorChecker : Bean 'encryptionBootstrapConfiguration' of type [class org.springframework.cloud.bootstrap.encrypt.EncryptionBootstrapConfiguration$$EnhancerBySpringCGLIB$$b0e946f8] is not eligible for getting processed by all BeanPostProcessors (for example: not eligible for auto-proxying)
    2016-05-08 07:35:55.953  INFO 28706 --- [    Test worker] o.s.boot.SpringApplication               : Started application in 1.362 seconds (JVM running for 3.65)

      .   ____          _            __ _ _
     /\\ / ___'_ __ _ _(_)_ __  __ _ \ \ \ \
    ( ( )\___ | '_ | '_| | '_ \/ _` | \ \ \ \
     \\/  ___)| |_)| | | | | || (_| |  ) ) ) )
      '  |____| .__|_| |_|_| |_\__, | / / / /
     =========|_|==============|___/=/_/_/_/
     :: Spring Boot ::        (v1.3.1.RELEASE)

    2016-05-08 07:35:56.127  INFO 28706 --- [    Test worker] c.g.mrduguo.gradle.sampleapp.BeanSpec    : No active profile set, falling back to default profiles: default
    2016-05-08 07:35:56.157  INFO 28706 --- [    Test worker] ationConfigEmbeddedWebApplicationContext : Refreshing org.springframework.boot.context.embedded.AnnotationConfigEmbeddedWebApplicationContext@2448fbf0: startup date [Sun May 08 07:35:56 IST 2016]; parent: org.springframework.context.annotation.AnnotationConfigApplicationContext@3b81ade7
    2016-05-08 07:35:57.218  INFO 28706 --- [    Test worker] o.s.b.f.s.DefaultListableBeanFactory     : Overriding bean definition for bean 'beanNameViewResolver' with a different definition: replacing [Root bean: class [null]; scope=; abstract=false; lazyInit=false; autowireMode=3; dependencyCheck=0; autowireCandidate=true; primary=false; factoryBeanName=org.springframework.boot.autoconfigure.web.ErrorMvcAutoConfiguration$WhitelabelErrorViewConfiguration; factoryMethodName=beanNameViewResolver; initMethodName=null; destroyMethodName=(inferred); defined in class path resource [org/springframework/boot/autoconfigure/web/ErrorMvcAutoConfiguration$WhitelabelErrorViewConfiguration.class]] with [Root bean: class [null]; scope=; abstract=false; lazyInit=false; autowireMode=3; dependencyCheck=0; autowireCandidate=true; primary=false; factoryBeanName=org.springframework.boot.autoconfigure.web.WebMvcAutoConfiguration$WebMvcAutoConfigurationAdapter; factoryMethodName=beanNameViewResolver; initMethodName=null; destroyMethodName=(inferred); defined in class path resource [org/springframework/boot/autoconfigure/web/WebMvcAutoConfiguration$WebMvcAutoConfigurationAdapter.class]]
    2016-05-08 07:35:57.634  INFO 28706 --- [    Test worker] o.s.cloud.context.scope.GenericScope     : BeanFactory id=63493015-7215-35ed-91e8-eb09e2b6c4df
    2016-05-08 07:35:57.647  INFO 28706 --- [    Test worker] f.a.AutowiredAnnotationBeanPostProcessor : JSR-330 'javax.inject.Inject' annotation found and supported for autowiring
    2016-05-08 07:35:58.004  INFO 28706 --- [    Test worker] trationDelegate$BeanPostProcessorChecker : Bean 'org.springframework.cloud.autoconfigure.RefreshAutoConfiguration$ConfigurationPropertiesRebinderConfiguration' of type [class org.springframework.cloud.autoconfigure.RefreshAutoConfiguration$ConfigurationPropertiesRebinderConfiguration$$EnhancerBySpringCGLIB$$e12009d5] is not eligible for getting processed by all BeanPostProcessors (for example: not eligible for auto-proxying)
    2016-05-08 07:35:58.490  INFO 28706 --- [    Test worker] s.b.c.e.t.TomcatEmbeddedServletContainer : Tomcat initialized with port(s): 0 (http)
    2016-05-08 07:35:58.508  INFO 28706 --- [    Test worker] o.apache.catalina.core.StandardService   : Starting service Tomcat
    2016-05-08 07:35:58.510  INFO 28706 --- [    Test worker] org.apache.catalina.core.StandardEngine  : Starting Servlet Engine: Apache Tomcat/8.0.30
    2016-05-08 07:35:58.778  INFO 28706 --- [ost-startStop-1] o.a.c.c.C.[Tomcat].[localhost].[/]       : Initializing Spring embedded WebApplicationContext
    2016-05-08 07:35:58.778  INFO 28706 --- [ost-startStop-1] o.s.web.context.ContextLoader            : Root WebApplicationContext: initialization completed in 2621 ms
    2016-05-08 07:35:59.760  WARN 28706 --- [ost-startStop-1] c.n.c.sources.URLConfigurationSource     : No URLs will be polled as dynamic configuration sources.
    2016-05-08 07:35:59.760  INFO 28706 --- [ost-startStop-1] c.n.c.sources.URLConfigurationSource     : To enable URLs as dynamic configuration sources, define System property archaius.configurationSource.additionalUrls or make config.properties available on classpath.
    2016-05-08 07:35:59.773  INFO 28706 --- [ost-startStop-1] c.netflix.config.DynamicPropertyFactory  : DynamicPropertyFactory is initialized with configuration sources: com.netflix.config.ConcurrentCompositeConfiguration@23bb55a7
    2016-05-08 07:35:59.974  INFO 28706 --- [ost-startStop-1] o.s.b.c.e.ServletRegistrationBean        : Mapping servlet: 'zuulServlet' to [/zuul/*]
    2016-05-08 07:35:59.976  INFO 28706 --- [ost-startStop-1] o.s.b.c.e.ServletRegistrationBean        : Mapping servlet: 'dispatcherServlet' to [/]
    2016-05-08 07:35:59.980  INFO 28706 --- [ost-startStop-1] o.s.b.c.embedded.FilterRegistrationBean  : Mapping filter: 'metricFilter' to: [/*]
    2016-05-08 07:35:59.981  INFO 28706 --- [ost-startStop-1] o.s.b.c.embedded.FilterRegistrationBean  : Mapping filter: 'characterEncodingFilter' to: [/*]
    2016-05-08 07:35:59.981  INFO 28706 --- [ost-startStop-1] o.s.b.c.embedded.FilterRegistrationBean  : Mapping filter: 'hiddenHttpMethodFilter' to: [/*]
    2016-05-08 07:35:59.981  INFO 28706 --- [ost-startStop-1] o.s.b.c.embedded.FilterRegistrationBean  : Mapping filter: 'httpPutFormContentFilter' to: [/*]
    2016-05-08 07:35:59.981  INFO 28706 --- [ost-startStop-1] o.s.b.c.embedded.FilterRegistrationBean  : Mapping filter: 'requestContextFilter' to: [/*]
    2016-05-08 07:35:59.981  INFO 28706 --- [ost-startStop-1] o.s.b.c.embedded.FilterRegistrationBean  : Mapping filter: 'webRequestLoggingFilter' to: [/*]
    2016-05-08 07:35:59.981  INFO 28706 --- [ost-startStop-1] o.s.b.c.embedded.FilterRegistrationBean  : Mapping filter: 'applicationContextIdFilter' to: [/*]
    2016-05-08 07:36:00.009  INFO 28706 --- [ost-startStop-1] o.s.c.n.zuul.ZuulFilterInitializer       : Starting filter initializer context listener
    2016-05-08 07:36:00.508  INFO 28706 --- [    Test worker] s.w.s.m.m.a.RequestMappingHandlerAdapter : Looking for @ControllerAdvice: org.springframework.boot.context.embedded.AnnotationConfigEmbeddedWebApplicationContext@2448fbf0: startup date [Sun May 08 07:35:56 IST 2016]; parent: org.springframework.context.annotation.AnnotationConfigApplicationContext@3b81ade7
    2016-05-08 07:36:00.612  INFO 28706 --- [    Test worker] s.w.s.m.m.a.RequestMappingHandlerMapping : Mapped "{[/]}" onto public java.lang.Object com.github.mrduguo.gradle.sampleapp.Application.index()
    2016-05-08 07:36:00.613  INFO 28706 --- [    Test worker] s.w.s.m.m.a.RequestMappingHandlerMapping : Mapped "{[/reverse/{stringToReverse}]}" onto public java.lang.Object com.github.mrduguo.gradle.sampleapp.Application.reverse(java.lang.String)
    2016-05-08 07:36:00.613  INFO 28706 --- [    Test worker] s.w.s.m.m.a.RequestMappingHandlerMapping : Mapped "{[/api/json]}" onto public java.lang.Object com.github.mrduguo.gradle.sampleapp.Application.json()
    2016-05-08 07:36:00.619  INFO 28706 --- [    Test worker] s.w.s.m.m.a.RequestMappingHandlerMapping : Mapped "{[/error]}" onto public org.springframework.http.ResponseEntity<java.util.Map<java.lang.String, java.lang.Object>> org.springframework.boot.autoconfigure.web.BasicErrorController.error(javax.servlet.http.HttpServletRequest)
    2016-05-08 07:36:00.619  INFO 28706 --- [    Test worker] s.w.s.m.m.a.RequestMappingHandlerMapping : Mapped "{[/error],produces=[text/html]}" onto public org.springframework.web.servlet.ModelAndView org.springframework.boot.autoconfigure.web.BasicErrorController.errorHtml(javax.servlet.http.HttpServletRequest,javax.servlet.http.HttpServletResponse)
    2016-05-08 07:36:00.672  INFO 28706 --- [    Test worker] o.s.w.s.handler.SimpleUrlHandlerMapping  : Mapped URL path [/webjars/**] onto handler of type [class org.springframework.web.servlet.resource.ResourceHttpRequestHandler]
    2016-05-08 07:36:00.672  INFO 28706 --- [    Test worker] o.s.w.s.handler.SimpleUrlHandlerMapping  : Mapped URL path [/**] onto handler of type [class org.springframework.web.servlet.resource.ResourceHttpRequestHandler]
    2016-05-08 07:36:00.735  INFO 28706 --- [    Test worker] o.s.w.s.handler.SimpleUrlHandlerMapping  : Mapped URL path [/**/favicon.ico] onto handler of type [class org.springframework.web.servlet.resource.ResourceHttpRequestHandler]
    2016-05-08 07:36:01.410  INFO 28706 --- [    Test worker] o.s.b.a.e.mvc.EndpointHandlerMapping     : Mapped "{[/v1/serviceability/metrics/{name:.*}],methods=[GET],produces=[application/json]}" onto public java.lang.Object org.springframework.boot.actuate.endpoint.mvc.MetricsMvcEndpoint.value(java.lang.String)
    2016-05-08 07:36:01.411  INFO 28706 --- [    Test worker] o.s.b.a.e.mvc.EndpointHandlerMapping     : Mapped "{[/v1/serviceability/metrics || /v1/serviceability/metrics.json],methods=[GET],produces=[application/json]}" onto public java.lang.Object org.springframework.boot.actuate.endpoint.mvc.EndpointMvcAdapter.invoke()
    2016-05-08 07:36:01.412  INFO 28706 --- [    Test worker] o.s.b.a.e.mvc.EndpointHandlerMapping     : Mapped "{[/v1/serviceability/hystrix.stream/**]}" onto public org.springframework.web.servlet.ModelAndView org.springframework.cloud.netflix.endpoint.ServletWrappingEndpoint.handle(javax.servlet.http.HttpServletRequest,javax.servlet.http.HttpServletResponse) throws java.lang.Exception
    2016-05-08 07:36:01.413  INFO 28706 --- [    Test worker] o.s.b.a.e.mvc.EndpointHandlerMapping     : Mapped "{[/v1/serviceability/beans || /v1/serviceability/beans.json],methods=[GET],produces=[application/json]}" onto public java.lang.Object org.springframework.boot.actuate.endpoint.mvc.EndpointMvcAdapter.invoke()
    2016-05-08 07:36:01.415  INFO 28706 --- [    Test worker] o.s.b.a.e.mvc.EndpointHandlerMapping     : Mapped "{[/v1/serviceability/mappings || /v1/serviceability/mappings.json],methods=[GET],produces=[application/json]}" onto public java.lang.Object org.springframework.boot.actuate.endpoint.mvc.EndpointMvcAdapter.invoke()
    2016-05-08 07:36:01.418  INFO 28706 --- [    Test worker] o.s.b.a.e.mvc.EndpointHandlerMapping     : Mapped "{[/v1/serviceability/resume || /v1/serviceability/resume.json],methods=[POST]}" onto public java.lang.Object org.springframework.cloud.endpoint.GenericPostableMvcEndpoint.invoke()
    2016-05-08 07:36:01.419  INFO 28706 --- [    Test worker] o.s.b.a.e.mvc.EndpointHandlerMapping     : Mapped "{[/v1/serviceability/info || /v1/serviceability/info.json],methods=[GET],produces=[application/json]}" onto public java.lang.Object org.springframework.boot.actuate.endpoint.mvc.EndpointMvcAdapter.invoke()
    2016-05-08 07:36:01.421  INFO 28706 --- [    Test worker] o.s.b.a.e.mvc.EndpointHandlerMapping     : Mapped "{[/v1/serviceability/health || /v1/serviceability/health.json],produces=[application/json]}" onto public java.lang.Object org.springframework.boot.actuate.endpoint.mvc.HealthMvcEndpoint.invoke(java.security.Principal)
    2016-05-08 07:36:01.422  INFO 28706 --- [    Test worker] o.s.b.a.e.mvc.EndpointHandlerMapping     : Mapped "{[/v1/serviceability/dump || /v1/serviceability/dump.json],methods=[GET],produces=[application/json]}" onto public java.lang.Object org.springframework.boot.actuate.endpoint.mvc.EndpointMvcAdapter.invoke()
    2016-05-08 07:36:01.423  INFO 28706 --- [    Test worker] o.s.b.a.e.mvc.EndpointHandlerMapping     : Mapped "{[/v1/serviceability/archaius || /v1/serviceability/archaius.json],methods=[GET],produces=[application/json]}" onto public java.lang.Object org.springframework.boot.actuate.endpoint.mvc.EndpointMvcAdapter.invoke()
    2016-05-08 07:36:01.424  INFO 28706 --- [    Test worker] o.s.b.a.e.mvc.EndpointHandlerMapping     : Mapped "{[/v1/serviceability/pause || /v1/serviceability/pause.json],methods=[POST]}" onto public java.lang.Object org.springframework.cloud.endpoint.GenericPostableMvcEndpoint.invoke()
    2016-05-08 07:36:01.426  INFO 28706 --- [    Test worker] o.s.b.a.e.mvc.EndpointHandlerMapping     : Mapped "{[/v1/serviceability/restart || /v1/serviceability/restart.json],methods=[POST]}" onto public java.lang.Object org.springframework.cloud.context.restart.RestartMvcEndpoint.invoke()
    2016-05-08 07:36:01.427  INFO 28706 --- [    Test worker] o.s.b.a.e.mvc.EndpointHandlerMapping     : Mapped "{[/v1/serviceability/env],methods=[POST]}" onto public java.lang.Object org.springframework.cloud.context.environment.EnvironmentManagerMvcEndpoint.value(java.util.Map<java.lang.String, java.lang.String>)
    2016-05-08 07:36:01.428  INFO 28706 --- [    Test worker] o.s.b.a.e.mvc.EndpointHandlerMapping     : Mapped "{[/v1/serviceability/env/reset],methods=[POST]}" onto public java.util.Map<java.lang.String, java.lang.Object> org.springframework.cloud.context.environment.EnvironmentManagerMvcEndpoint.reset()
    2016-05-08 07:36:01.430  INFO 28706 --- [    Test worker] o.s.b.a.e.mvc.EndpointHandlerMapping     : Mapped "{[/v1/serviceability/autoconfig || /v1/serviceability/autoconfig.json],methods=[GET],produces=[application/json]}" onto public java.lang.Object org.springframework.boot.actuate.endpoint.mvc.EndpointMvcAdapter.invoke()
    2016-05-08 07:36:01.431  INFO 28706 --- [    Test worker] o.s.b.a.e.mvc.EndpointHandlerMapping     : Mapped "{[/v1/serviceability/env/{name:.*}],methods=[GET],produces=[application/json]}" onto public java.lang.Object org.springframework.boot.actuate.endpoint.mvc.EnvironmentMvcEndpoint.value(java.lang.String)
    2016-05-08 07:36:01.432  INFO 28706 --- [    Test worker] o.s.b.a.e.mvc.EndpointHandlerMapping     : Mapped "{[/v1/serviceability/env || /v1/serviceability/env.json],methods=[GET],produces=[application/json]}" onto public java.lang.Object org.springframework.boot.actuate.endpoint.mvc.EndpointMvcAdapter.invoke()
    2016-05-08 07:36:01.436  INFO 28706 --- [    Test worker] o.s.b.a.e.mvc.EndpointHandlerMapping     : Mapped "{[/v1/serviceability/refresh || /v1/serviceability/refresh.json],methods=[POST]}" onto public java.lang.Object org.springframework.cloud.endpoint.GenericPostableMvcEndpoint.invoke()
    2016-05-08 07:36:01.437  INFO 28706 --- [    Test worker] o.s.b.a.e.mvc.EndpointHandlerMapping     : Mapped "{[/v1/serviceability/configprops || /v1/serviceability/configprops.json],methods=[GET],produces=[application/json]}" onto public java.lang.Object org.springframework.boot.actuate.endpoint.mvc.EndpointMvcAdapter.invoke()
    2016-05-08 07:36:01.439  INFO 28706 --- [    Test worker] o.s.b.a.e.mvc.EndpointHandlerMapping     : Mapped "{[/v1/serviceability/routes || /v1/serviceability/routes.json],methods=[POST]}" onto public java.util.Map<java.lang.String, java.lang.String> org.springframework.cloud.netflix.zuul.RoutesEndpoint.reset()
    2016-05-08 07:36:01.440  INFO 28706 --- [    Test worker] o.s.b.a.e.mvc.EndpointHandlerMapping     : Mapped "{[/v1/serviceability/routes || /v1/serviceability/routes.json],methods=[GET]}" onto public java.util.Map<java.lang.String, java.lang.String> org.springframework.cloud.netflix.zuul.RoutesEndpoint.getRoutes()
    2016-05-08 07:36:01.441  INFO 28706 --- [    Test worker] o.s.b.a.e.mvc.EndpointHandlerMapping     : Mapped "{[/v1/serviceability/trace || /v1/serviceability/trace.json],methods=[GET],produces=[application/json]}" onto public java.lang.Object org.springframework.boot.actuate.endpoint.mvc.EndpointMvcAdapter.invoke()
    2016-05-08 07:36:01.974  WARN 28706 --- [    Test worker] c.n.c.sources.URLConfigurationSource     : No URLs will be polled as dynamic configuration sources.
    2016-05-08 07:36:01.975  INFO 28706 --- [    Test worker] c.n.c.sources.URLConfigurationSource     : To enable URLs as dynamic configuration sources, define System property archaius.configurationSource.additionalUrls or make config.properties available on classpath.
    2016-05-08 07:36:02.199  INFO 28706 --- [    Test worker] o.s.c.support.DefaultLifecycleProcessor  : Starting beans in phase 2147483647
    2016-05-08 07:36:02.201  INFO 28706 --- [    Test worker] c.n.h.c.m.e.HystrixMetricsPoller         : Starting HystrixMetricsPoller
    2016-05-08 07:36:02.203  INFO 28706 --- [    Test worker] ration$HystrixMetricsPollerConfiguration : Starting poller
    2016-05-08 07:36:02.211  INFO 28706 --- [    Test worker] o.s.c.n.zuul.web.ZuulHandlerMapping      : Mapped URL path [/proxy/github/**] onto handler of type [class org.springframework.cloud.netflix.zuul.web.ZuulController]
    2016-05-08 07:36:02.284  INFO 28706 --- [    Test worker] s.b.c.e.t.TomcatEmbeddedServletContainer : Tomcat started on port(s): 61310 (http)
    2016-05-08 07:36:02.288  INFO 28706 --- [    Test worker] c.g.mrduguo.gradle.sampleapp.BeanSpec    : Started BeanSpec in 7.812 seconds (JVM running for 9.985)

com.github.mrduguo.gradle.sampleapp.HealthSpec STANDARD_OUT
    2016-05-08 07:36:02.344  INFO 28706 --- [    Test worker] o.s.t.c.support.AbstractContextLoader    : Could not detect default resource locations for test class [com.github.mrduguo.gradle.sampleapp.AbstractSpec]: no resource found for suffixes {-context.xml, Context.groovy}.
    2016-05-08 07:36:02.348  INFO 28706 --- [    Test worker] WebAppIntegrationTestContextBootstrapper : Loaded default TestExecutionListener class names from location [META-INF/spring.factories]: [org.springframework.test.context.web.ServletTestExecutionListener, org.springframework.test.context.support.DirtiesContextBeforeModesTestExecutionListener, org.springframework.test.context.support.DependencyInjectionTestExecutionListener, org.springframework.test.context.support.DirtiesContextTestExecutionListener, org.springframework.test.context.transaction.TransactionalTestExecutionListener, org.springframework.test.context.jdbc.SqlScriptsTestExecutionListener]
    2016-05-08 07:36:02.349  INFO 28706 --- [    Test worker] WebAppIntegrationTestContextBootstrapper : Could not instantiate TestExecutionListener [org.springframework.test.context.transaction.TransactionalTestExecutionListener]. Specify custom listener classes or make the default listener classes (and their required dependencies) available. Offending class: [org/springframework/transaction/interceptor/TransactionAttributeSource]
    2016-05-08 07:36:02.351  INFO 28706 --- [    Test worker] WebAppIntegrationTestContextBootstrapper : Could not instantiate TestExecutionListener [org.springframework.test.context.jdbc.SqlScriptsTestExecutionListener]. Specify custom listener classes or make the default listener classes (and their required dependencies) available. Offending class: [org/springframework/transaction/interceptor/TransactionAttribute]
    2016-05-08 07:36:02.352  INFO 28706 --- [    Test worker] WebAppIntegrationTestContextBootstrapper : Using TestExecutionListeners: [org.springframework.test.context.web.ServletTestExecutionListener@33ce3408, org.springframework.test.context.support.DirtiesContextBeforeModesTestExecutionListener@76a40f6a, org.springframework.test.context.support.DependencyInjectionTestExecutionListener@13ddbf3e, org.springframework.test.context.support.DirtiesContextTestExecutionListener@2dfb2965]
Running Test web app should be health(com.github.mrduguo.gradle.sampleapp.HealthSpec)

com.github.mrduguo.gradle.sampleapp.HealthSpec > web app should be health STANDARD_OUT
    2016-05-08 07:36:02.720  INFO 28706 --- [o-auto-1-exec-1] o.a.c.c.C.[Tomcat].[localhost].[/]       : Initializing Spring FrameworkServlet 'dispatcherServlet'
    2016-05-08 07:36:02.720  INFO 28706 --- [o-auto-1-exec-1] o.s.web.servlet.DispatcherServlet        : FrameworkServlet 'dispatcherServlet': initialization started
    2016-05-08 07:36:02.751  INFO 28706 --- [o-auto-1-exec-1] o.s.web.servlet.DispatcherServlet        : FrameworkServlet 'dispatcherServlet': initialization completed in 30 ms

com.github.mrduguo.gradle.sampleapp.ProxySpec STANDARD_OUT
    2016-05-08 07:36:02.953  INFO 28706 --- [    Test worker] o.s.t.c.support.AbstractContextLoader    : Could not detect default resource locations for test class [com.github.mrduguo.gradle.sampleapp.AbstractSpec]: no resource found for suffixes {-context.xml, Context.groovy}.
    2016-05-08 07:36:02.956  INFO 28706 --- [    Test worker] WebAppIntegrationTestContextBootstrapper : Loaded default TestExecutionListener class names from location [META-INF/spring.factories]: [org.springframework.test.context.web.ServletTestExecutionListener, org.springframework.test.context.support.DirtiesContextBeforeModesTestExecutionListener, org.springframework.test.context.support.DependencyInjectionTestExecutionListener, org.springframework.test.context.support.DirtiesContextTestExecutionListener, org.springframework.test.context.transaction.TransactionalTestExecutionListener, org.springframework.test.context.jdbc.SqlScriptsTestExecutionListener]
    2016-05-08 07:36:02.957  INFO 28706 --- [    Test worker] WebAppIntegrationTestContextBootstrapper : Could not instantiate TestExecutionListener [org.springframework.test.context.transaction.TransactionalTestExecutionListener]. Specify custom listener classes or make the default listener classes (and their required dependencies) available. Offending class: [org/springframework/transaction/interceptor/TransactionAttributeSource]
    2016-05-08 07:36:02.958  INFO 28706 --- [    Test worker] WebAppIntegrationTestContextBootstrapper : Could not instantiate TestExecutionListener [org.springframework.test.context.jdbc.SqlScriptsTestExecutionListener]. Specify custom listener classes or make the default listener classes (and their required dependencies) available. Offending class: [org/springframework/transaction/interceptor/TransactionAttribute]
    2016-05-08 07:36:02.958  INFO 28706 --- [    Test worker] WebAppIntegrationTestContextBootstrapper : Using TestExecutionListeners: [org.springframework.test.context.web.ServletTestExecutionListener@1ca1cc3a, org.springframework.test.context.support.DirtiesContextBeforeModesTestExecutionListener@347963e8, org.springframework.test.context.support.DependencyInjectionTestExecutionListener@65fd49cf, org.springframework.test.context.support.DirtiesContextTestExecutionListener@12d0ecdf]
Running Test should contain rate limit from github api(com.github.mrduguo.gradle.sampleapp.ProxySpec)

com.github.mrduguo.gradle.sampleapp.ProxySpec > should contain rate limit from github api STANDARD_OUT
    2016-05-08 07:36:03.029  INFO 28706 --- [o-auto-1-exec-2] o.s.c.n.zuul.filters.ProxyRouteLocator   : Finding route for path: /proxy/github/rate_limit

com.github.mrduguo.gradle.sampleapp.RestSpec STANDARD_OUT
    2016-05-08 07:36:03.984  INFO 28706 --- [    Test worker] o.s.t.c.support.AbstractContextLoader    : Could not detect default resource locations for test class [com.github.mrduguo.gradle.sampleapp.AbstractSpec]: no resource found for suffixes {-context.xml, Context.groovy}.
    2016-05-08 07:36:03.990  INFO 28706 --- [    Test worker] WebAppIntegrationTestContextBootstrapper : Loaded default TestExecutionListener class names from location [META-INF/spring.factories]: [org.springframework.test.context.web.ServletTestExecutionListener, org.springframework.test.context.support.DirtiesContextBeforeModesTestExecutionListener, org.springframework.test.context.support.DependencyInjectionTestExecutionListener, org.springframework.test.context.support.DirtiesContextTestExecutionListener, org.springframework.test.context.transaction.TransactionalTestExecutionListener, org.springframework.test.context.jdbc.SqlScriptsTestExecutionListener]
    2016-05-08 07:36:03.991  INFO 28706 --- [    Test worker] WebAppIntegrationTestContextBootstrapper : Could not instantiate TestExecutionListener [org.springframework.test.context.transaction.TransactionalTestExecutionListener]. Specify custom listener classes or make the default listener classes (and their required dependencies) available. Offending class: [org/springframework/transaction/interceptor/TransactionAttributeSource]
    2016-05-08 07:36:03.992  INFO 28706 --- [    Test worker] WebAppIntegrationTestContextBootstrapper : Could not instantiate TestExecutionListener [org.springframework.test.context.jdbc.SqlScriptsTestExecutionListener]. Specify custom listener classes or make the default listener classes (and their required dependencies) available. Offending class: [org/springframework/transaction/interceptor/TransactionAttribute]
    2016-05-08 07:36:03.992  INFO 28706 --- [    Test worker] WebAppIntegrationTestContextBootstrapper : Using TestExecutionListeners: [org.springframework.test.context.web.ServletTestExecutionListener@64a50f4e, org.springframework.test.context.support.DirtiesContextBeforeModesTestExecutionListener@a6fa917, org.springframework.test.context.support.DependencyInjectionTestExecutionListener@60c913a6, org.springframework.test.context.support.DirtiesContextTestExecutionListener@395d6683]
Running Test should return Greetings from Spring Boot!(com.github.mrduguo.gradle.sampleapp.RestSpec)
Running Test should reverse request!(com.github.mrduguo.gradle.sampleapp.RestSpec)
Running Test should get json!(com.github.mrduguo.gradle.sampleapp.RestSpec)
2016-05-08 07:36:04.130  INFO 28706 --- [       Thread-4] s.c.a.AnnotationConfigApplicationContext : Closing org.springframework.context.annotation.AnnotationConfigApplicationContext@3b81ade7: startup date [Sun May 08 07:35:55 IST 2016]; root of context hierarchy
2016-05-08 07:36:04.133  INFO 28706 --- [       Thread-4] ationConfigEmbeddedWebApplicationContext : Closing org.springframework.boot.context.embedded.AnnotationConfigEmbeddedWebApplicationContext@2448fbf0: startup date [Sun May 08 07:35:56 IST 2016]; parent: org.springframework.context.annotation.AnnotationConfigApplicationContext@3b81ade7
2016-05-08 07:36:04.135  INFO 28706 --- [       Thread-4] o.s.c.support.DefaultLifecycleProcessor  : Stopping beans in phase 2147483647
2016-05-08 07:36:04.136  INFO 28706 --- [       Thread-4] c.n.h.c.m.e.HystrixMetricsPoller         : Stopping the HystrixMetricsPoller
2016-05-08 07:36:04.143  INFO 28706 --- [       Thread-4] o.s.c.n.servo.ServoMetricCollector       : Stopping Servo PollScheduler
2016-05-08 07:36:04.162  WARN 28706 --- [       Thread-4] c.n.c.sources.URLConfigurationSource     : No URLs will be polled as dynamic configuration sources.
2016-05-08 07:36:04.162  INFO 28706 --- [       Thread-4] c.n.c.sources.URLConfigurationSource     : To enable URLs as dynamic configuration sources, define System property archaius.configurationSource.additionalUrls or make config.properties available on classpath.
2016-05-08 07:36:04.226  INFO 28706 --- [ost-startStop-1] o.s.c.n.zuul.ZuulFilterInitializer       : Stopping filter initializer context listener
:check
:generatePomFileForMavenPublication
:publishMavenPublicationToMavenRepository
:publish
:build

BUILD SUCCESSFUL

Total time: 30.771 secs
