16-05-08 07:36:33  kick off build with buildscript version 0.1.0-160507-100250-e5a0782-18
:compileJava UP-TO-DATE
:compileGroovy UP-TO-DATE
:processResources UP-TO-DATE
:classes UP-TO-DATE
:findMainClass
:bootRun
2016-05-08 07:36:40.376  INFO 28720 --- [           main] c.g.m.gradle.sampleapp.Application       : Starting Application on mb2015 with PID 28720 (/Users/guo/github/mrduguo/gradle-sample-app/build/classes/main started by guo in /Users/guo/github/mrduguo/gradle-sample-app)
2016-05-08 07:36:40.384  INFO 28720 --- [           main] c.g.m.gradle.sampleapp.Application       : No active profile set, falling back to default profiles: default
2016-05-08 07:36:40.457  INFO 28720 --- [           main] s.c.a.AnnotationConfigApplicationContext : Refreshing org.springframework.context.annotation.AnnotationConfigApplicationContext@6fd83fc1: startup date [Sun May 08 07:36:40 IST 2016]; root of context hierarchy
2016-05-08 07:36:40.860  INFO 28720 --- [           main] f.a.AutowiredAnnotationBeanPostProcessor : JSR-330 'javax.inject.Inject' annotation found and supported for autowiring
2016-05-08 07:36:41.042  INFO 28720 --- [           main] trationDelegate$BeanPostProcessorChecker : Bean 'encrypt.CONFIGURATION_PROPERTIES' of type [class org.springframework.cloud.bootstrap.encrypt.KeyProperties] is not eligible for getting processed by all BeanPostProcessors (for example: not eligible for auto-proxying)
2016-05-08 07:36:41.044  INFO 28720 --- [           main] trationDelegate$BeanPostProcessorChecker : Bean 'encryptionBootstrapConfiguration' of type [class org.springframework.cloud.bootstrap.encrypt.EncryptionBootstrapConfiguration$$EnhancerBySpringCGLIB$$721c5dbf] is not eligible for getting processed by all BeanPostProcessors (for example: not eligible for auto-proxying)
2016-05-08 07:36:41.163  INFO 28720 --- [           main] c.g.m.gradle.sampleapp.Application       : Started Application in 1.143 seconds (JVM running for 1.977)

  .   ____          _            __ _ _
 /\\ / ___'_ __ _ _(_)_ __  __ _ \ \ \ \
( ( )\___ | '_ | '_| | '_ \/ _` | \ \ \ \
 \\/  ___)| |_)| | | | | || (_| |  ) ) ) )
  '  |____| .__|_| |_|_| |_\__, | / / / /
 =========|_|==============|___/=/_/_/_/
 :: Spring Boot ::        (v1.3.1.RELEASE)

2016-05-08 07:36:41.315  INFO 28720 --- [           main] c.g.m.gradle.sampleapp.Application       : No active profile set, falling back to default profiles: default
2016-05-08 07:36:41.391  INFO 28720 --- [           main] ationConfigEmbeddedWebApplicationContext : Refreshing org.springframework.boot.context.embedded.AnnotationConfigEmbeddedWebApplicationContext@5644dc81: startup date [Sun May 08 07:36:41 IST 2016]; parent: org.springframework.context.annotation.AnnotationConfigApplicationContext@6fd83fc1
2016-05-08 07:36:42.357  INFO 28720 --- [           main] o.s.b.f.s.DefaultListableBeanFactory     : Overriding bean definition for bean 'beanNameViewResolver' with a different definition: replacing [Root bean: class [null]; scope=; abstract=false; lazyInit=false; autowireMode=3; dependencyCheck=0; autowireCandidate=true; primary=false; factoryBeanName=org.springframework.boot.autoconfigure.web.ErrorMvcAutoConfiguration$WhitelabelErrorViewConfiguration; factoryMethodName=beanNameViewResolver; initMethodName=null; destroyMethodName=(inferred); defined in class path resource [org/springframework/boot/autoconfigure/web/ErrorMvcAutoConfiguration$WhitelabelErrorViewConfiguration.class]] with [Root bean: class [null]; scope=; abstract=false; lazyInit=false; autowireMode=3; dependencyCheck=0; autowireCandidate=true; primary=false; factoryBeanName=org.springframework.boot.autoconfigure.web.WebMvcAutoConfiguration$WebMvcAutoConfigurationAdapter; factoryMethodName=beanNameViewResolver; initMethodName=null; destroyMethodName=(inferred); defined in class path resource [org/springframework/boot/autoconfigure/web/WebMvcAutoConfiguration$WebMvcAutoConfigurationAdapter.class]]
2016-05-08 07:36:42.737  INFO 28720 --- [           main] o.s.cloud.context.scope.GenericScope     : BeanFactory id=164ca942-5f7c-35d8-b105-95e2c5b5ea22
2016-05-08 07:36:42.753  INFO 28720 --- [           main] f.a.AutowiredAnnotationBeanPostProcessor : JSR-330 'javax.inject.Inject' annotation found and supported for autowiring
2016-05-08 07:36:43.096  INFO 28720 --- [           main] trationDelegate$BeanPostProcessorChecker : Bean 'org.springframework.cloud.autoconfigure.RefreshAutoConfiguration$ConfigurationPropertiesRebinderConfiguration' of type [class org.springframework.cloud.autoconfigure.RefreshAutoConfiguration$ConfigurationPropertiesRebinderConfiguration$$EnhancerBySpringCGLIB$$a253209c] is not eligible for getting processed by all BeanPostProcessors (for example: not eligible for auto-proxying)
2016-05-08 07:36:43.552  INFO 28720 --- [           main] s.b.c.e.t.TomcatEmbeddedServletContainer : Tomcat initialized with port(s): 8888 (http)
2016-05-08 07:36:43.567  INFO 28720 --- [           main] o.apache.catalina.core.StandardService   : Starting service Tomcat
2016-05-08 07:36:43.569  INFO 28720 --- [           main] org.apache.catalina.core.StandardEngine  : Starting Servlet Engine: Apache Tomcat/8.0.30
2016-05-08 07:36:43.720  INFO 28720 --- [ost-startStop-1] o.a.c.c.C.[Tomcat].[localhost].[/]       : Initializing Spring embedded WebApplicationContext
2016-05-08 07:36:43.720  INFO 28720 --- [ost-startStop-1] o.s.web.context.ContextLoader            : Root WebApplicationContext: initialization completed in 2329 ms
2016-05-08 07:36:44.757  WARN 28720 --- [ost-startStop-1] c.n.c.sources.URLConfigurationSource     : No URLs will be polled as dynamic configuration sources.
2016-05-08 07:36:44.758  INFO 28720 --- [ost-startStop-1] c.n.c.sources.URLConfigurationSource     : To enable URLs as dynamic configuration sources, define System property archaius.configurationSource.additionalUrls or make config.properties available on classpath.
2016-05-08 07:36:44.771  INFO 28720 --- [ost-startStop-1] c.netflix.config.DynamicPropertyFactory  : DynamicPropertyFactory is initialized with configuration sources: com.netflix.config.ConcurrentCompositeConfiguration@426b1b38
2016-05-08 07:36:45.099  INFO 28720 --- [ost-startStop-1] o.s.b.c.e.ServletRegistrationBean        : Mapping servlet: 'zuulServlet' to [/zuul/*]
2016-05-08 07:36:45.102  INFO 28720 --- [ost-startStop-1] o.s.b.c.e.ServletRegistrationBean        : Mapping servlet: 'dispatcherServlet' to [/]
2016-05-08 07:36:45.105  INFO 28720 --- [ost-startStop-1] o.s.b.c.embedded.FilterRegistrationBean  : Mapping filter: 'metricFilter' to: [/*]
2016-05-08 07:36:45.106  INFO 28720 --- [ost-startStop-1] o.s.b.c.embedded.FilterRegistrationBean  : Mapping filter: 'characterEncodingFilter' to: [/*]
2016-05-08 07:36:45.106  INFO 28720 --- [ost-startStop-1] o.s.b.c.embedded.FilterRegistrationBean  : Mapping filter: 'hiddenHttpMethodFilter' to: [/*]
2016-05-08 07:36:45.107  INFO 28720 --- [ost-startStop-1] o.s.b.c.embedded.FilterRegistrationBean  : Mapping filter: 'httpPutFormContentFilter' to: [/*]
2016-05-08 07:36:45.107  INFO 28720 --- [ost-startStop-1] o.s.b.c.embedded.FilterRegistrationBean  : Mapping filter: 'requestContextFilter' to: [/*]
2016-05-08 07:36:45.107  INFO 28720 --- [ost-startStop-1] o.s.b.c.embedded.FilterRegistrationBean  : Mapping filter: 'webRequestLoggingFilter' to: [/*]
2016-05-08 07:36:45.107  INFO 28720 --- [ost-startStop-1] o.s.b.c.embedded.FilterRegistrationBean  : Mapping filter: 'applicationContextIdFilter' to: [/*]
2016-05-08 07:36:45.138  INFO 28720 --- [ost-startStop-1] o.s.c.n.zuul.ZuulFilterInitializer       : Starting filter initializer context listener
2016-05-08 07:36:45.608  INFO 28720 --- [           main] s.w.s.m.m.a.RequestMappingHandlerAdapter : Looking for @ControllerAdvice: org.springframework.boot.context.embedded.AnnotationConfigEmbeddedWebApplicationContext@5644dc81: startup date [Sun May 08 07:36:41 IST 2016]; parent: org.springframework.context.annotation.AnnotationConfigApplicationContext@6fd83fc1
2016-05-08 07:36:45.725  INFO 28720 --- [           main] s.w.s.m.m.a.RequestMappingHandlerMapping : Mapped "{[/]}" onto public java.lang.Object com.github.mrduguo.gradle.sampleapp.Application.index()
2016-05-08 07:36:45.726  INFO 28720 --- [           main] s.w.s.m.m.a.RequestMappingHandlerMapping : Mapped "{[/reverse/{stringToReverse}]}" onto public java.lang.Object com.github.mrduguo.gradle.sampleapp.Application.reverse(java.lang.String)
2016-05-08 07:36:45.727  INFO 28720 --- [           main] s.w.s.m.m.a.RequestMappingHandlerMapping : Mapped "{[/api/json]}" onto public java.lang.Object com.github.mrduguo.gradle.sampleapp.Application.json()
2016-05-08 07:36:45.735  INFO 28720 --- [           main] s.w.s.m.m.a.RequestMappingHandlerMapping : Mapped "{[/error]}" onto public org.springframework.http.ResponseEntity<java.util.Map<java.lang.String, java.lang.Object>> org.springframework.boot.autoconfigure.web.BasicErrorController.error(javax.servlet.http.HttpServletRequest)
2016-05-08 07:36:45.739  INFO 28720 --- [           main] s.w.s.m.m.a.RequestMappingHandlerMapping : Mapped "{[/error],produces=[text/html]}" onto public org.springframework.web.servlet.ModelAndView org.springframework.boot.autoconfigure.web.BasicErrorController.errorHtml(javax.servlet.http.HttpServletRequest,javax.servlet.http.HttpServletResponse)
2016-05-08 07:36:45.834  INFO 28720 --- [           main] o.s.w.s.handler.SimpleUrlHandlerMapping  : Mapped URL path [/webjars/**] onto handler of type [class org.springframework.web.servlet.resource.ResourceHttpRequestHandler]
2016-05-08 07:36:45.834  INFO 28720 --- [           main] o.s.w.s.handler.SimpleUrlHandlerMapping  : Mapped URL path [/**] onto handler of type [class org.springframework.web.servlet.resource.ResourceHttpRequestHandler]
2016-05-08 07:36:45.918  INFO 28720 --- [           main] o.s.w.s.handler.SimpleUrlHandlerMapping  : Mapped URL path [/**/favicon.ico] onto handler of type [class org.springframework.web.servlet.resource.ResourceHttpRequestHandler]
2016-05-08 07:36:46.704  INFO 28720 --- [           main] o.s.b.a.e.mvc.EndpointHandlerMapping     : Mapped "{[/v1/serviceability/health || /v1/serviceability/health.json],produces=[application/json]}" onto public java.lang.Object org.springframework.boot.actuate.endpoint.mvc.HealthMvcEndpoint.invoke(java.security.Principal)
2016-05-08 07:36:46.705  INFO 28720 --- [           main] o.s.b.a.e.mvc.EndpointHandlerMapping     : Mapped "{[/v1/serviceability/resume || /v1/serviceability/resume.json],methods=[POST]}" onto public java.lang.Object org.springframework.cloud.endpoint.GenericPostableMvcEndpoint.invoke()
2016-05-08 07:36:46.706  INFO 28720 --- [           main] o.s.b.a.e.mvc.EndpointHandlerMapping     : Mapped "{[/v1/serviceability/trace || /v1/serviceability/trace.json],methods=[GET],produces=[application/json]}" onto public java.lang.Object org.springframework.boot.actuate.endpoint.mvc.EndpointMvcAdapter.invoke()
2016-05-08 07:36:46.707  INFO 28720 --- [           main] o.s.b.a.e.mvc.EndpointHandlerMapping     : Mapped "{[/v1/serviceability/routes || /v1/serviceability/routes.json],methods=[POST]}" onto public java.util.Map<java.lang.String, java.lang.String> org.springframework.cloud.netflix.zuul.RoutesEndpoint.reset()
2016-05-08 07:36:46.707  INFO 28720 --- [           main] o.s.b.a.e.mvc.EndpointHandlerMapping     : Mapped "{[/v1/serviceability/routes || /v1/serviceability/routes.json],methods=[GET]}" onto public java.util.Map<java.lang.String, java.lang.String> org.springframework.cloud.netflix.zuul.RoutesEndpoint.getRoutes()
2016-05-08 07:36:46.710  INFO 28720 --- [           main] o.s.b.a.e.mvc.EndpointHandlerMapping     : Mapped "{[/v1/serviceability/archaius || /v1/serviceability/archaius.json],methods=[GET],produces=[application/json]}" onto public java.lang.Object org.springframework.boot.actuate.endpoint.mvc.EndpointMvcAdapter.invoke()
2016-05-08 07:36:46.715  INFO 28720 --- [           main] o.s.b.a.e.mvc.EndpointHandlerMapping     : Mapped "{[/v1/serviceability/hystrix.stream/**]}" onto public org.springframework.web.servlet.ModelAndView org.springframework.cloud.netflix.endpoint.ServletWrappingEndpoint.handle(javax.servlet.http.HttpServletRequest,javax.servlet.http.HttpServletResponse) throws java.lang.Exception
2016-05-08 07:36:46.716  INFO 28720 --- [           main] o.s.b.a.e.mvc.EndpointHandlerMapping     : Mapped "{[/v1/serviceability/info || /v1/serviceability/info.json],methods=[GET],produces=[application/json]}" onto public java.lang.Object org.springframework.boot.actuate.endpoint.mvc.EndpointMvcAdapter.invoke()
2016-05-08 07:36:46.717  INFO 28720 --- [           main] o.s.b.a.e.mvc.EndpointHandlerMapping     : Mapped "{[/v1/serviceability/env],methods=[POST]}" onto public java.lang.Object org.springframework.cloud.context.environment.EnvironmentManagerMvcEndpoint.value(java.util.Map<java.lang.String, java.lang.String>)
2016-05-08 07:36:46.717  INFO 28720 --- [           main] o.s.b.a.e.mvc.EndpointHandlerMapping     : Mapped "{[/v1/serviceability/env/reset],methods=[POST]}" onto public java.util.Map<java.lang.String, java.lang.Object> org.springframework.cloud.context.environment.EnvironmentManagerMvcEndpoint.reset()
2016-05-08 07:36:46.718  INFO 28720 --- [           main] o.s.b.a.e.mvc.EndpointHandlerMapping     : Mapped "{[/v1/serviceability/refresh || /v1/serviceability/refresh.json],methods=[POST]}" onto public java.lang.Object org.springframework.cloud.endpoint.GenericPostableMvcEndpoint.invoke()
2016-05-08 07:36:46.718  INFO 28720 --- [           main] o.s.b.a.e.mvc.EndpointHandlerMapping     : Mapped "{[/v1/serviceability/beans || /v1/serviceability/beans.json],methods=[GET],produces=[application/json]}" onto public java.lang.Object org.springframework.boot.actuate.endpoint.mvc.EndpointMvcAdapter.invoke()
2016-05-08 07:36:46.719  INFO 28720 --- [           main] o.s.b.a.e.mvc.EndpointHandlerMapping     : Mapped "{[/v1/serviceability/dump || /v1/serviceability/dump.json],methods=[GET],produces=[application/json]}" onto public java.lang.Object org.springframework.boot.actuate.endpoint.mvc.EndpointMvcAdapter.invoke()
2016-05-08 07:36:46.720  INFO 28720 --- [           main] o.s.b.a.e.mvc.EndpointHandlerMapping     : Mapped "{[/v1/serviceability/mappings || /v1/serviceability/mappings.json],methods=[GET],produces=[application/json]}" onto public java.lang.Object org.springframework.boot.actuate.endpoint.mvc.EndpointMvcAdapter.invoke()
2016-05-08 07:36:46.721  INFO 28720 --- [           main] o.s.b.a.e.mvc.EndpointHandlerMapping     : Mapped "{[/v1/serviceability/restart || /v1/serviceability/restart.json],methods=[POST]}" onto public java.lang.Object org.springframework.cloud.context.restart.RestartMvcEndpoint.invoke()
2016-05-08 07:36:46.721  INFO 28720 --- [           main] o.s.b.a.e.mvc.EndpointHandlerMapping     : Mapped "{[/v1/serviceability/configprops || /v1/serviceability/configprops.json],methods=[GET],produces=[application/json]}" onto public java.lang.Object org.springframework.boot.actuate.endpoint.mvc.EndpointMvcAdapter.invoke()
2016-05-08 07:36:46.722  INFO 28720 --- [           main] o.s.b.a.e.mvc.EndpointHandlerMapping     : Mapped "{[/v1/serviceability/env/{name:.*}],methods=[GET],produces=[application/json]}" onto public java.lang.Object org.springframework.boot.actuate.endpoint.mvc.EnvironmentMvcEndpoint.value(java.lang.String)
2016-05-08 07:36:46.723  INFO 28720 --- [           main] o.s.b.a.e.mvc.EndpointHandlerMapping     : Mapped "{[/v1/serviceability/env || /v1/serviceability/env.json],methods=[GET],produces=[application/json]}" onto public java.lang.Object org.springframework.boot.actuate.endpoint.mvc.EndpointMvcAdapter.invoke()
2016-05-08 07:36:46.723  INFO 28720 --- [           main] o.s.b.a.e.mvc.EndpointHandlerMapping     : Mapped "{[/v1/serviceability/autoconfig || /v1/serviceability/autoconfig.json],methods=[GET],produces=[application/json]}" onto public java.lang.Object org.springframework.boot.actuate.endpoint.mvc.EndpointMvcAdapter.invoke()
2016-05-08 07:36:46.724  INFO 28720 --- [           main] o.s.b.a.e.mvc.EndpointHandlerMapping     : Mapped "{[/v1/serviceability/metrics/{name:.*}],methods=[GET],produces=[application/json]}" onto public java.lang.Object org.springframework.boot.actuate.endpoint.mvc.MetricsMvcEndpoint.value(java.lang.String)
2016-05-08 07:36:46.725  INFO 28720 --- [           main] o.s.b.a.e.mvc.EndpointHandlerMapping     : Mapped "{[/v1/serviceability/metrics || /v1/serviceability/metrics.json],methods=[GET],produces=[application/json]}" onto public java.lang.Object org.springframework.boot.actuate.endpoint.mvc.EndpointMvcAdapter.invoke()
2016-05-08 07:36:46.727  INFO 28720 --- [           main] o.s.b.a.e.mvc.EndpointHandlerMapping     : Mapped "{[/v1/serviceability/pause || /v1/serviceability/pause.json],methods=[POST]}" onto public java.lang.Object org.springframework.cloud.endpoint.GenericPostableMvcEndpoint.invoke()
2016-05-08 07:36:47.137  WARN 28720 --- [           main] c.n.c.sources.URLConfigurationSource     : No URLs will be polled as dynamic configuration sources.
2016-05-08 07:36:47.137  INFO 28720 --- [           main] c.n.c.sources.URLConfigurationSource     : To enable URLs as dynamic configuration sources, define System property archaius.configurationSource.additionalUrls or make config.properties available on classpath.
2016-05-08 07:36:47.258  INFO 28720 --- [           main] o.s.j.e.a.AnnotationMBeanExporter        : Registering beans for JMX exposure on startup
2016-05-08 07:36:47.273  INFO 28720 --- [           main] o.s.j.e.a.AnnotationMBeanExporter        : Bean with name 'zuulEndpoint' has been autodetected for JMX exposure
2016-05-08 07:36:47.277  INFO 28720 --- [           main] o.s.j.e.a.AnnotationMBeanExporter        : Bean with name 'refreshEndpoint' has been autodetected for JMX exposure
2016-05-08 07:36:47.278  INFO 28720 --- [           main] o.s.j.e.a.AnnotationMBeanExporter        : Bean with name 'restartEndpoint' has been autodetected for JMX exposure
2016-05-08 07:36:47.280  INFO 28720 --- [           main] o.s.j.e.a.AnnotationMBeanExporter        : Bean with name 'configurationPropertiesRebinder' has been autodetected for JMX exposure
2016-05-08 07:36:47.281  INFO 28720 --- [           main] o.s.j.e.a.AnnotationMBeanExporter        : Bean with name 'refreshScope' has been autodetected for JMX exposure
2016-05-08 07:36:47.282  INFO 28720 --- [           main] o.s.j.e.a.AnnotationMBeanExporter        : Bean with name 'environmentManager' has been autodetected for JMX exposure
2016-05-08 07:36:47.288  INFO 28720 --- [           main] o.s.j.e.a.AnnotationMBeanExporter        : Located managed bean 'environmentManager': registering with JMX server as MBean [org.springframework.cloud.context.environment:name=environmentManager,type=EnvironmentManager]
2016-05-08 07:36:47.313  INFO 28720 --- [           main] o.s.j.e.a.AnnotationMBeanExporter        : Located managed bean 'restartEndpoint': registering with JMX server as MBean [org.springframework.cloud.context.restart:name=restartEndpoint,type=RestartEndpoint]
2016-05-08 07:36:47.336  INFO 28720 --- [           main] o.s.j.e.a.AnnotationMBeanExporter        : Located managed bean 'refreshScope': registering with JMX server as MBean [org.springframework.cloud.context.scope.refresh:name=refreshScope,type=RefreshScope]
2016-05-08 07:36:47.356  INFO 28720 --- [           main] o.s.j.e.a.AnnotationMBeanExporter        : Located managed bean 'zuulEndpoint': registering with JMX server as MBean [org.springframework.cloud.netflix.zuul:name=zuulEndpoint,type=RoutesEndpoint]
2016-05-08 07:36:47.366  INFO 28720 --- [           main] o.s.j.e.a.AnnotationMBeanExporter        : Located managed bean 'configurationPropertiesRebinder': registering with JMX server as MBean [org.springframework.cloud.context.properties:name=configurationPropertiesRebinder,context=5644dc81,type=ConfigurationPropertiesRebinder]
2016-05-08 07:36:47.374  INFO 28720 --- [           main] o.s.j.e.a.AnnotationMBeanExporter        : Located managed bean 'refreshEndpoint': registering with JMX server as MBean [org.springframework.cloud.bootstrap.config:name=refreshEndpoint,type=RefreshEndpoint]
2016-05-08 07:36:47.387  INFO 28720 --- [           main] o.s.c.support.DefaultLifecycleProcessor  : Starting beans in phase 0
2016-05-08 07:36:47.460  INFO 28720 --- [           main] o.s.c.support.DefaultLifecycleProcessor  : Starting beans in phase 2147483647
2016-05-08 07:36:47.462  INFO 28720 --- [           main] c.n.h.c.m.e.HystrixMetricsPoller         : Starting HystrixMetricsPoller
2016-05-08 07:36:47.463  INFO 28720 --- [           main] ration$HystrixMetricsPollerConfiguration : Starting poller
2016-05-08 07:36:47.470  INFO 28720 --- [           main] o.s.c.n.zuul.web.ZuulHandlerMapping      : Mapped URL path [/proxy/github/**] onto handler of type [class org.springframework.cloud.netflix.zuul.web.ZuulController]
2016-05-08 07:36:47.580  INFO 28720 --- [           main] s.b.c.e.t.TomcatEmbeddedServletContainer : Tomcat started on port(s): 8888 (http)
2016-05-08 07:36:47.584  INFO 28720 --- [           main] c.g.m.gradle.sampleapp.Application       : Started Application in 7.663 seconds (JVM running for 8.398)
